{"C:\\Users\\nhatk\\OneDrive\\Máy tính\\project\\Threddit\\src\\api\\axios.js": {"path":"C:\\Users\\nhatk\\OneDrive\\Máy tính\\project\\Threddit\\src\\api\\axios.js","statementMap":{"0":{"start":{"line":3,"column":20},"end":{"line":7,"column":2}},"1":{"start":{"line":9,"column":0},"end":{"line":18,"column":2}},"2":{"start":{"line":10,"column":16},"end":{"line":10,"column":24}},"3":{"start":{"line":12,"column":4},"end":{"line":15,"column":5}},"4":{"start":{"line":13,"column":6},"end":{"line":13,"column":69}},"5":{"start":{"line":14,"column":6},"end":{"line":14,"column":37}},"6":{"start":{"line":16,"column":4},"end":{"line":16,"column":33}}},"fnMap":{"0":{"name":"(anonymous_0)","decl":{"start":{"line":10,"column":2},"end":{"line":10,"column":3}},"loc":{"start":{"line":10,"column":16},"end":{"line":10,"column":24}},"line":10},"1":{"name":"(anonymous_1)","decl":{"start":{"line":11,"column":2},"end":{"line":11,"column":3}},"loc":{"start":{"line":11,"column":13},"end":{"line":17,"column":3}},"line":11}},"branchMap":{"0":{"loc":{"start":{"line":12,"column":4},"end":{"line":15,"column":5}},"type":"if","locations":[{"start":{"line":12,"column":4},"end":{"line":15,"column":5}},{"start":{},"end":{}}],"line":12}},"s":{"0":1,"1":1,"2":0,"3":0,"4":0,"5":0,"6":0},"f":{"0":0,"1":0},"b":{"0":[0,0]},"meta":{"lastBranch":1,"lastFunction":2,"lastStatement":7,"seen":{"s:3:20:7:2":0,"s:9:0:18:2":1,"f:10:2:10:3":0,"s:10:16:10:24":2,"f:11:2:11:3":1,"b:12:4:15:5:undefined:undefined:undefined:undefined":0,"s:12:4:15:5":3,"s:13:6:13:69":4,"s:14:6:14:37":5,"s:16:4:16:33":6}}}
,"C:\\Users\\nhatk\\OneDrive\\Máy tính\\project\\Threddit\\src\\api\\helper\\getErrMessage.js": {"path":"C:\\Users\\nhatk\\OneDrive\\Máy tính\\project\\Threddit\\src\\api\\helper\\getErrMessage.js","statementMap":{"0":{"start":{"line":3,"column":29},"end":{"line":5,"column":null}},"1":{"start":{"line":4,"column":2},"end":{"line":4,"column":null}}},"fnMap":{"0":{"name":"(anonymous_0)","decl":{"start":{"line":3,"column":29},"end":{"line":3,"column":30}},"loc":{"start":{"line":3,"column":39},"end":{"line":5,"column":null}},"line":3}},"branchMap":{"0":{"loc":{"start":{"line":4,"column":9},"end":{"line":4,"column":null}},"type":"binary-expr","locations":[{"start":{"line":4,"column":9},"end":{"line":4,"column":28}},{"start":{"line":4,"column":32},"end":{"line":4,"column":null}}],"line":4}},"s":{"0":1,"1":0},"f":{"0":0},"b":{"0":[0,0]},"meta":{"lastBranch":1,"lastFunction":1,"lastStatement":2,"seen":{"s:3:29:5:Infinity":0,"f:3:29:3:30":0,"s:4:2:4:Infinity":1,"b:4:9:4:28:4:32:4:Infinity":0}}}
,"C:\\Users\\nhatk\\OneDrive\\Máy tính\\project\\Threddit\\src\\api\\helper\\handleRequest.js": {"path":"C:\\Users\\nhatk\\OneDrive\\Máy tính\\project\\Threddit\\src\\api\\helper\\handleRequest.js","statementMap":{"0":{"start":{"line":4,"column":29},"end":{"line":22,"column":null}},"1":{"start":{"line":9,"column":6},"end":{"line":9,"column":null}},"2":{"start":{"line":10,"column":2},"end":{"line":21,"column":null}},"3":{"start":{"line":11,"column":4},"end":{"line":11,"column":null}},"4":{"start":{"line":12,"column":19},"end":{"line":12,"column":null}},"5":{"start":{"line":13,"column":15},"end":{"line":13,"column":null}},"6":{"start":{"line":14,"column":4},"end":{"line":18,"column":null}},"7":{"start":{"line":20,"column":4},"end":{"line":20,"column":null}}},"fnMap":{"0":{"name":"(anonymous_0)","decl":{"start":{"line":4,"column":29},"end":{"line":4,"column":34}},"loc":{"start":{"line":4,"column":61},"end":{"line":22,"column":null}},"line":4}},"branchMap":{"0":{"loc":{"start":{"line":4,"column":45},"end":{"line":4,"column":56}},"type":"default-arg","locations":[{"start":{"line":4,"column":54},"end":{"line":4,"column":56}}],"line":4},"1":{"loc":{"start":{"line":6,"column":4},"end":{"line":6,"column":19}},"type":"default-arg","locations":[{"start":{"line":6,"column":14},"end":{"line":6,"column":19}}],"line":6},"2":{"loc":{"start":{"line":7,"column":4},"end":{"line":7,"column":20}},"type":"default-arg","locations":[{"start":{"line":7,"column":16},"end":{"line":7,"column":20}}],"line":7},"3":{"loc":{"start":{"line":8,"column":4},"end":{"line":8,"column":null}},"type":"default-arg","locations":[{"start":{"line":8,"column":17},"end":{"line":8,"column":null}}],"line":8},"4":{"loc":{"start":{"line":11,"column":4},"end":{"line":11,"column":null}},"type":"cond-expr","locations":[{"start":{"line":11,"column":14},"end":{"line":11,"column":48}},{"start":{"line":11,"column":51},"end":{"line":11,"column":null}}],"line":11}},"s":{"0":1,"1":1,"2":1,"3":1,"4":1,"5":1,"6":1,"7":0},"f":{"0":1},"b":{"0":[1],"1":[1],"2":[1],"3":[1],"4":[0,1]},"meta":{"lastBranch":5,"lastFunction":1,"lastStatement":8,"seen":{"s:4:29:22:Infinity":0,"f:4:29:4:34":0,"b:4:54:4:56":0,"s:9:6:9:Infinity":1,"b:6:14:6:19":1,"b:7:16:7:20":2,"b:8:17:8:Infinity":3,"s:10:2:21:Infinity":2,"s:11:4:11:Infinity":3,"b:11:14:11:48:11:51:11:Infinity":4,"s:12:19:12:Infinity":4,"s:13:15:13:Infinity":5,"s:14:4:18:Infinity":6,"s:20:4:20:Infinity":7}}}
,"C:\\Users\\nhatk\\OneDrive\\Máy tính\\project\\Threddit\\src\\api\\helper\\index.js": {"path":"C:\\Users\\nhatk\\OneDrive\\Máy tính\\project\\Threddit\\src\\api\\helper\\index.js","statementMap":{},"fnMap":{},"branchMap":{},"s":{},"f":{},"b":{},"meta":{"lastBranch":0,"lastFunction":0,"lastStatement":0,"seen":{}}}
,"C:\\Users\\nhatk\\OneDrive\\Máy tính\\project\\Threddit\\src\\api\\helper\\mapErrResponse.ts": {"path":"C:\\Users\\nhatk\\OneDrive\\Máy tính\\project\\Threddit\\src\\api\\helper\\mapErrResponse.ts","statementMap":{"0":{"start":{"line":15,"column":30},"end":{"line":41,"column":null}},"1":{"start":{"line":17,"column":4},"end":{"line":19,"column":null}},"2":{"start":{"line":22,"column":4},"end":{"line":23,"column":null}},"3":{"start":{"line":26,"column":4},"end":{"line":28,"column":null}},"4":{"start":{"line":30,"column":2},"end":{"line":40,"column":null}}},"fnMap":{"0":{"name":"(anonymous_0)","decl":{"start":{"line":15,"column":30},"end":{"line":15,"column":31}},"loc":{"start":{"line":15,"column":55},"end":{"line":41,"column":null}},"line":15}},"branchMap":{"0":{"loc":{"start":{"line":17,"column":4},"end":{"line":19,"column":null}},"type":"binary-expr","locations":[{"start":{"line":17,"column":4},"end":{"line":17,"column":null}},{"start":{"line":18,"column":4},"end":{"line":18,"column":null}},{"start":{"line":19,"column":4},"end":{"line":19,"column":null}}],"line":17},"1":{"loc":{"start":{"line":22,"column":4},"end":{"line":23,"column":null}},"type":"binary-expr","locations":[{"start":{"line":22,"column":4},"end":{"line":22,"column":null}},{"start":{"line":23,"column":5},"end":{"line":23,"column":null}}],"line":22},"2":{"loc":{"start":{"line":23,"column":5},"end":{"line":23,"column":null}},"type":"cond-expr","locations":[{"start":{"line":23,"column":14},"end":{"line":23,"column":33}},{"start":{"line":23,"column":33},"end":{"line":23,"column":null}}],"line":23},"3":{"loc":{"start":{"line":26,"column":4},"end":{"line":28,"column":null}},"type":"binary-expr","locations":[{"start":{"line":26,"column":4},"end":{"line":26,"column":null}},{"start":{"line":27,"column":4},"end":{"line":27,"column":null}},{"start":{"line":27,"column":9},"end":{"line":28,"column":null}}],"line":26},"4":{"loc":{"start":{"line":39,"column":19},"end":{"line":39,"column":null}},"type":"binary-expr","locations":[{"start":{"line":39,"column":19},"end":{"line":39,"column":36}},{"start":{"line":39,"column":36},"end":{"line":39,"column":null}}],"line":39}},"s":{"0":1,"1":0,"2":0,"3":0,"4":0},"f":{"0":0},"b":{"0":[0,0,0],"1":[0,0],"2":[0,0],"3":[0,0,0],"4":[0,0]},"meta":{"lastBranch":5,"lastFunction":1,"lastStatement":5,"seen":{"s:15:30:41:Infinity":0,"f:15:30:15:31":0,"s:17:4:19:Infinity":1,"b:17:4:17:Infinity:18:4:18:Infinity:19:4:19:Infinity":0,"s:22:4:23:Infinity":2,"b:22:4:22:Infinity:23:5:23:Infinity":1,"b:23:14:23:33:23:33:23:Infinity":2,"s:26:4:28:Infinity":3,"b:26:4:26:Infinity:27:4:27:Infinity:27:9:28:Infinity":3,"s:30:2:40:Infinity":4,"b:39:19:39:36:39:36:39:Infinity":4}}}
,"C:\\Users\\nhatk\\OneDrive\\Máy tính\\project\\Threddit\\src\\api\\helper\\mapResponse.ts": {"path":"C:\\Users\\nhatk\\OneDrive\\Máy tính\\project\\Threddit\\src\\api\\helper\\mapResponse.ts","statementMap":{"0":{"start":{"line":11,"column":27},"end":{"line":19,"column":null}},"1":{"start":{"line":11,"column":66},"end":{"line":19,"column":null}}},"fnMap":{"0":{"name":"(anonymous_0)","decl":{"start":{"line":11,"column":27},"end":{"line":11,"column":41}},"loc":{"start":{"line":11,"column":66},"end":{"line":19,"column":null}},"line":11}},"branchMap":{"0":{"loc":{"start":{"line":16,"column":14},"end":{"line":16,"column":null}},"type":"binary-expr","locations":[{"start":{"line":16,"column":14},"end":{"line":16,"column":36}},{"start":{"line":16,"column":36},"end":{"line":16,"column":null}}],"line":16},"1":{"loc":{"start":{"line":18,"column":11},"end":{"line":18,"column":null}},"type":"binary-expr","locations":[{"start":{"line":18,"column":11},"end":{"line":18,"column":33}},{"start":{"line":18,"column":33},"end":{"line":18,"column":null}}],"line":18}},"s":{"0":1,"1":1},"f":{"0":1},"b":{"0":[1,1],"1":[1,1]},"meta":{"lastBranch":2,"lastFunction":1,"lastStatement":2,"seen":{"s:11:27:19:Infinity":0,"f:11:27:11:41":0,"s:11:66:19:Infinity":1,"b:16:14:16:36:16:36:16:Infinity":0,"b:18:11:18:33:18:33:18:Infinity":1}}}
,"C:\\Users\\nhatk\\OneDrive\\Máy tính\\project\\Threddit\\src\\api\\profile\\profile.api.js": {"path":"C:\\Users\\nhatk\\OneDrive\\Máy tính\\project\\Threddit\\src\\api\\profile\\profile.api.js","statementMap":{"0":{"start":{"line":2,"column":26},"end":{"line":34,"column":null}},"1":{"start":{"line":4,"column":4},"end":{"line":4,"column":81}},"2":{"start":{"line":7,"column":4},"end":{"line":7,"column":81}},"3":{"start":{"line":10,"column":16},"end":{"line":12,"column":42}},"4":{"start":{"line":13,"column":4},"end":{"line":13,"column":25}},"5":{"start":{"line":16,"column":4},"end":{"line":16,"column":77}},"6":{"start":{"line":19,"column":4},"end":{"line":19,"column":77}},"7":{"start":{"line":22,"column":4},"end":{"line":22,"column":72}},"8":{"start":{"line":25,"column":4},"end":{"line":29,"column":6}},"9":{"start":{"line":32,"column":4},"end":{"line":32,"column":92}}},"fnMap":{"0":{"name":"(anonymous_0)","decl":{"start":{"line":3,"column":2},"end":{"line":3,"column":26}},"loc":{"start":{"line":3,"column":35},"end":{"line":5,"column":3}},"line":3},"1":{"name":"(anonymous_1)","decl":{"start":{"line":6,"column":2},"end":{"line":6,"column":26}},"loc":{"start":{"line":6,"column":35},"end":{"line":8,"column":3}},"line":6},"2":{"name":"(anonymous_2)","decl":{"start":{"line":9,"column":2},"end":{"line":9,"column":13}},"loc":{"start":{"line":9,"column":30},"end":{"line":14,"column":3}},"line":9},"3":{"name":"(anonymous_3)","decl":{"start":{"line":15,"column":2},"end":{"line":15,"column":22}},"loc":{"start":{"line":15,"column":31},"end":{"line":17,"column":3}},"line":15},"4":{"name":"(anonymous_4)","decl":{"start":{"line":18,"column":2},"end":{"line":18,"column":22}},"loc":{"start":{"line":18,"column":31},"end":{"line":20,"column":3}},"line":18},"5":{"name":"(anonymous_5)","decl":{"start":{"line":21,"column":2},"end":{"line":21,"column":16}},"loc":{"start":{"line":21,"column":25},"end":{"line":23,"column":3}},"line":21},"6":{"name":"(anonymous_6)","decl":{"start":{"line":24,"column":2},"end":{"line":24,"column":8}},"loc":{"start":{"line":24,"column":22},"end":{"line":30,"column":3}},"line":24},"7":{"name":"(anonymous_7)","decl":{"start":{"line":31,"column":2},"end":{"line":31,"column":16}},"loc":{"start":{"line":31,"column":37},"end":{"line":33,"column":3}},"line":31}},"branchMap":{"0":{"loc":{"start":{"line":9,"column":14},"end":{"line":9,"column":29}},"type":"default-arg","locations":[{"start":{"line":9,"column":25},"end":{"line":9,"column":29}}],"line":9},"1":{"loc":{"start":{"line":10,"column":16},"end":{"line":12,"column":42}},"type":"cond-expr","locations":[{"start":{"line":11,"column":6},"end":{"line":11,"column":59}},{"start":{"line":12,"column":6},"end":{"line":12,"column":42}}],"line":10}},"s":{"0":1,"1":0,"2":0,"3":0,"4":0,"5":0,"6":0,"7":0,"8":0,"9":0},"f":{"0":0,"1":0,"2":0,"3":0,"4":0,"5":0,"6":0,"7":0},"b":{"0":[0],"1":[0,0]},"meta":{"lastBranch":2,"lastFunction":8,"lastStatement":10,"seen":{"s:2:26:34:Infinity":0,"f:3:2:3:26":0,"s:4:4:4:81":1,"f:6:2:6:26":1,"s:7:4:7:81":2,"f:9:2:9:13":2,"b:9:25:9:29":0,"s:10:16:12:42":3,"b:11:6:11:59:12:6:12:42":1,"s:13:4:13:25":4,"f:15:2:15:22":3,"s:16:4:16:77":5,"f:18:2:18:22":4,"s:19:4:19:77":6,"f:21:2:21:16":5,"s:22:4:22:72":7,"f:24:2:24:8":6,"s:25:4:29:6":8,"f:31:2:31:16":7,"s:32:4:32:92":9}}}
,"C:\\Users\\nhatk\\OneDrive\\Máy tính\\project\\Threddit\\src\\constant\\text\\runtime\\config.js": {"path":"C:\\Users\\nhatk\\OneDrive\\Máy tính\\project\\Threddit\\src\\constant\\text\\runtime\\config.js","statementMap":{"0":{"start":{"line":1,"column":27},"end":{"line":4,"column":null}},"1":{"start":{"line":6,"column":35},"end":{"line":6,"column":null}},"2":{"start":{"line":7,"column":39},"end":{"line":7,"column":null}},"3":{"start":{"line":9,"column":31},"end":{"line":9,"column":null}},"4":{"start":{"line":12,"column":2},"end":{"line":12,"column":null}},"5":{"start":{"line":16,"column":2},"end":{"line":18,"column":null}},"6":{"start":{"line":17,"column":4},"end":{"line":17,"column":null}},"7":{"start":{"line":20,"column":22},"end":{"line":20,"column":null}},"8":{"start":{"line":21,"column":2},"end":{"line":21,"column":null}},"9":{"start":{"line":25,"column":2},"end":{"line":27,"column":null}},"10":{"start":{"line":26,"column":4},"end":{"line":26,"column":null}},"11":{"start":{"line":29,"column":2},"end":{"line":29,"column":null}},"12":{"start":{"line":33,"column":21},"end":{"line":33,"column":null}},"13":{"start":{"line":35,"column":2},"end":{"line":37,"column":null}},"14":{"start":{"line":36,"column":4},"end":{"line":36,"column":null}},"15":{"start":{"line":39,"column":2},"end":{"line":41,"column":null}},"16":{"start":{"line":40,"column":4},"end":{"line":40,"column":null}},"17":{"start":{"line":43,"column":2},"end":{"line":43,"column":null}},"18":{"start":{"line":47,"column":2},"end":{"line":47,"column":null}},"19":{"start":{"line":51,"column":21},"end":{"line":51,"column":null}},"20":{"start":{"line":53,"column":2},"end":{"line":55,"column":null}},"21":{"start":{"line":54,"column":4},"end":{"line":54,"column":null}},"22":{"start":{"line":57,"column":2},"end":{"line":57,"column":null}},"23":{"start":{"line":61,"column":2},"end":{"line":61,"column":null}}},"fnMap":{"0":{"name":"isSupportedTextLocale","decl":{"start":{"line":11,"column":16},"end":{"line":11,"column":37}},"loc":{"start":{"line":11,"column":46},"end":{"line":13,"column":null}},"line":11},"1":{"name":"getTextLocale","decl":{"start":{"line":15,"column":16},"end":{"line":15,"column":29}},"loc":{"start":{"line":15,"column":32},"end":{"line":22,"column":null}},"line":15},"2":{"name":"syncDocumentTextLocale","decl":{"start":{"line":24,"column":16},"end":{"line":24,"column":38}},"loc":{"start":{"line":24,"column":41},"end":{"line":30,"column":null}},"line":24},"3":{"name":"setTextLocale","decl":{"start":{"line":32,"column":16},"end":{"line":32,"column":29}},"loc":{"start":{"line":32,"column":38},"end":{"line":44,"column":null}},"line":32},"4":{"name":"getNextTextLocale","decl":{"start":{"line":46,"column":16},"end":{"line":46,"column":33}},"loc":{"start":{"line":46,"column":60},"end":{"line":48,"column":null}},"line":46},"5":{"name":"switchTextLocale","decl":{"start":{"line":50,"column":16},"end":{"line":50,"column":32}},"loc":{"start":{"line":50,"column":41},"end":{"line":58,"column":null}},"line":50},"6":{"name":"toggleTextLocale","decl":{"start":{"line":60,"column":16},"end":{"line":60,"column":32}},"loc":{"start":{"line":60,"column":35},"end":{"line":62,"column":null}},"line":60}},"branchMap":{"0":{"loc":{"start":{"line":16,"column":2},"end":{"line":18,"column":null}},"type":"if","locations":[{"start":{"line":16,"column":2},"end":{"line":18,"column":null}},{"start":{},"end":{}}],"line":16},"1":{"loc":{"start":{"line":21,"column":9},"end":{"line":21,"column":null}},"type":"cond-expr","locations":[{"start":{"line":21,"column":46},"end":{"line":21,"column":57}},{"start":{"line":21,"column":60},"end":{"line":21,"column":null}}],"line":21},"2":{"loc":{"start":{"line":25,"column":2},"end":{"line":27,"column":null}},"type":"if","locations":[{"start":{"line":25,"column":2},"end":{"line":27,"column":null}},{"start":{},"end":{}}],"line":25},"3":{"loc":{"start":{"line":33,"column":21},"end":{"line":33,"column":null}},"type":"cond-expr","locations":[{"start":{"line":33,"column":53},"end":{"line":33,"column":59}},{"start":{"line":33,"column":62},"end":{"line":33,"column":null}}],"line":33},"4":{"loc":{"start":{"line":35,"column":2},"end":{"line":37,"column":null}},"type":"if","locations":[{"start":{"line":35,"column":2},"end":{"line":37,"column":null}},{"start":{},"end":{}}],"line":35},"5":{"loc":{"start":{"line":39,"column":2},"end":{"line":41,"column":null}},"type":"if","locations":[{"start":{"line":39,"column":2},"end":{"line":41,"column":null}},{"start":{},"end":{}}],"line":39},"6":{"loc":{"start":{"line":46,"column":34},"end":{"line":46,"column":58}},"type":"default-arg","locations":[{"start":{"line":46,"column":43},"end":{"line":46,"column":58}}],"line":46},"7":{"loc":{"start":{"line":47,"column":9},"end":{"line":47,"column":null}},"type":"cond-expr","locations":[{"start":{"line":47,"column":37},"end":{"line":47,"column":51}},{"start":{"line":47,"column":54},"end":{"line":47,"column":null}}],"line":47},"8":{"loc":{"start":{"line":53,"column":2},"end":{"line":55,"column":null}},"type":"if","locations":[{"start":{"line":53,"column":2},"end":{"line":55,"column":null}},{"start":{},"end":{}}],"line":53}},"s":{"0":1,"1":1,"2":1,"3":1,"4":0,"5":0,"6":0,"7":0,"8":0,"9":0,"10":0,"11":0,"12":0,"13":0,"14":0,"15":0,"16":0,"17":0,"18":0,"19":0,"20":0,"21":0,"22":0,"23":0},"f":{"0":0,"1":0,"2":0,"3":0,"4":0,"5":0,"6":0},"b":{"0":[0,0],"1":[0,0],"2":[0,0],"3":[0,0],"4":[0,0],"5":[0,0],"6":[0],"7":[0,0],"8":[0,0]},"meta":{"lastBranch":9,"lastFunction":7,"lastStatement":24,"seen":{"s:1:27:4:Infinity":0,"s:6:35:6:Infinity":1,"s:7:39:7:Infinity":2,"s:9:31:9:Infinity":3,"f:11:16:11:37":0,"s:12:2:12:Infinity":4,"f:15:16:15:29":1,"b:16:2:18:Infinity:undefined:undefined:undefined:undefined":0,"s:16:2:18:Infinity":5,"s:17:4:17:Infinity":6,"s:20:22:20:Infinity":7,"s:21:2:21:Infinity":8,"b:21:46:21:57:21:60:21:Infinity":1,"f:24:16:24:38":2,"b:25:2:27:Infinity:undefined:undefined:undefined:undefined":2,"s:25:2:27:Infinity":9,"s:26:4:26:Infinity":10,"s:29:2:29:Infinity":11,"f:32:16:32:29":3,"s:33:21:33:Infinity":12,"b:33:53:33:59:33:62:33:Infinity":3,"b:35:2:37:Infinity:undefined:undefined:undefined:undefined":4,"s:35:2:37:Infinity":13,"s:36:4:36:Infinity":14,"b:39:2:41:Infinity:undefined:undefined:undefined:undefined":5,"s:39:2:41:Infinity":15,"s:40:4:40:Infinity":16,"s:43:2:43:Infinity":17,"f:46:16:46:33":4,"b:46:43:46:58":6,"s:47:2:47:Infinity":18,"b:47:37:47:51:47:54:47:Infinity":7,"f:50:16:50:32":5,"s:51:21:51:Infinity":19,"b:53:2:55:Infinity:undefined:undefined:undefined:undefined":8,"s:53:2:55:Infinity":20,"s:54:4:54:Infinity":21,"s:57:2:57:Infinity":22,"f:60:16:60:32":6,"s:61:2:61:Infinity":23}}}
,"C:\\Users\\nhatk\\OneDrive\\Máy tính\\project\\Threddit\\src\\constant\\text\\runtime\\sourceRegistry.js": {"path":"C:\\Users\\nhatk\\OneDrive\\Máy tính\\project\\Threddit\\src\\constant\\text\\runtime\\sourceRegistry.js","statementMap":{"0":{"start":{"line":3,"column":42},"end":{"line":3,"column":null}},"1":{"start":{"line":4,"column":42},"end":{"line":4,"column":null}},"2":{"start":{"line":6,"column":21},"end":{"line":6,"column":null}},"3":{"start":{"line":7,"column":21},"end":{"line":7,"column":null}},"4":{"start":{"line":9,"column":23},"end":{"line":12,"column":null}},"5":{"start":{"line":15,"column":2},"end":{"line":20,"column":null}},"6":{"start":{"line":16,"column":59},"end":{"line":19,"column":5}},"7":{"start":{"line":24,"column":2},"end":{"line":26,"column":null}},"8":{"start":{"line":25,"column":4},"end":{"line":25,"column":null}},"9":{"start":{"line":28,"column":2},"end":{"line":28,"column":null}},"10":{"start":{"line":32,"column":2},"end":{"line":36,"column":null}},"11":{"start":{"line":40,"column":2},"end":{"line":40,"column":null}},"12":{"start":{"line":44,"column":19},"end":{"line":44,"column":null}},"13":{"start":{"line":46,"column":2},"end":{"line":48,"column":null}},"14":{"start":{"line":47,"column":4},"end":{"line":47,"column":null}},"15":{"start":{"line":50,"column":16},"end":{"line":81,"column":null}},"16":{"start":{"line":54,"column":22},"end":{"line":54,"column":null}},"17":{"start":{"line":55,"column":26},"end":{"line":55,"column":null}},"18":{"start":{"line":57,"column":8},"end":{"line":57,"column":null}},"19":{"start":{"line":60,"column":22},"end":{"line":60,"column":null}},"20":{"start":{"line":61,"column":8},"end":{"line":61,"column":null}},"21":{"start":{"line":64,"column":22},"end":{"line":64,"column":null}},"22":{"start":{"line":65,"column":8},"end":{"line":65,"column":null}},"23":{"start":{"line":68,"column":22},"end":{"line":68,"column":null}},"24":{"start":{"line":69,"column":27},"end":{"line":69,"column":null}},"25":{"start":{"line":71,"column":8},"end":{"line":73,"column":null}},"26":{"start":{"line":72,"column":10},"end":{"line":72,"column":null}},"27":{"start":{"line":75,"column":8},"end":{"line":78,"column":null}},"28":{"start":{"line":83,"column":2},"end":{"line":83,"column":null}},"29":{"start":{"line":84,"column":2},"end":{"line":84,"column":null}}},"fnMap":{"0":{"name":"normalizeModules","decl":{"start":{"line":14,"column":9},"end":{"line":14,"column":25}},"loc":{"start":{"line":14,"column":43},"end":{"line":21,"column":null}},"line":14},"1":{"name":"(anonymous_1)","decl":{"start":{"line":16,"column":32},"end":{"line":16,"column":33}},"loc":{"start":{"line":16,"column":59},"end":{"line":19,"column":5}},"line":16},"2":{"name":"toRecord","decl":{"start":{"line":23,"column":9},"end":{"line":23,"column":17}},"loc":{"start":{"line":23,"column":25},"end":{"line":29,"column":null}},"line":23},"3":{"name":"getLocaleModule","decl":{"start":{"line":31,"column":16},"end":{"line":31,"column":31}},"loc":{"start":{"line":31,"column":70},"end":{"line":37,"column":null}},"line":31},"4":{"name":"getLocaleExport","decl":{"start":{"line":39,"column":16},"end":{"line":39,"column":31}},"loc":{"start":{"line":39,"column":82},"end":{"line":41,"column":null}},"line":39},"5":{"name":"createLocaleBinding","decl":{"start":{"line":43,"column":16},"end":{"line":43,"column":35}},"loc":{"start":{"line":43,"column":60},"end":{"line":85,"column":null}},"line":43},"6":{"name":"(anonymous_6)","decl":{"start":{"line":53,"column":6},"end":{"line":53,"column":9}},"loc":{"start":{"line":53,"column":29},"end":{"line":58,"column":7}},"line":53},"7":{"name":"(anonymous_7)","decl":{"start":{"line":59,"column":6},"end":{"line":59,"column":9}},"loc":{"start":{"line":59,"column":29},"end":{"line":62,"column":7}},"line":59},"8":{"name":"(anonymous_8)","decl":{"start":{"line":63,"column":6},"end":{"line":63,"column":13}},"loc":{"start":{"line":63,"column":16},"end":{"line":66,"column":7}},"line":63},"9":{"name":"(anonymous_9)","decl":{"start":{"line":67,"column":6},"end":{"line":67,"column":30}},"loc":{"start":{"line":67,"column":50},"end":{"line":79,"column":7}},"line":67}},"branchMap":{"0":{"loc":{"start":{"line":24,"column":2},"end":{"line":26,"column":null}},"type":"if","locations":[{"start":{"line":24,"column":2},"end":{"line":26,"column":null}},{"start":{},"end":{}}],"line":24},"1":{"loc":{"start":{"line":24,"column":6},"end":{"line":24,"column":73}},"type":"binary-expr","locations":[{"start":{"line":24,"column":6},"end":{"line":24,"column":11}},{"start":{"line":24,"column":16},"end":{"line":24,"column":41}},{"start":{"line":24,"column":45},"end":{"line":24,"column":72}}],"line":24},"2":{"loc":{"start":{"line":31,"column":44},"end":{"line":31,"column":68}},"type":"default-arg","locations":[{"start":{"line":31,"column":52},"end":{"line":31,"column":68}}],"line":31},"3":{"loc":{"start":{"line":33,"column":4},"end":{"line":35,"column":null}},"type":"binary-expr","locations":[{"start":{"line":33,"column":4},"end":{"line":33,"column":40}},{"start":{"line":34,"column":4},"end":{"line":34,"column":53}},{"start":{"line":35,"column":4},"end":{"line":35,"column":null}}],"line":33},"4":{"loc":{"start":{"line":39,"column":56},"end":{"line":39,"column":80}},"type":"default-arg","locations":[{"start":{"line":39,"column":64},"end":{"line":39,"column":80}}],"line":39},"5":{"loc":{"start":{"line":46,"column":2},"end":{"line":48,"column":null}},"type":"if","locations":[{"start":{"line":46,"column":2},"end":{"line":48,"column":null}},{"start":{},"end":{}}],"line":46},"6":{"loc":{"start":{"line":57,"column":15},"end":{"line":57,"column":null}},"type":"cond-expr","locations":[{"start":{"line":57,"column":49},"end":{"line":57,"column":70}},{"start":{"line":57,"column":73},"end":{"line":57,"column":null}}],"line":57},"7":{"loc":{"start":{"line":71,"column":8},"end":{"line":73,"column":null}},"type":"if","locations":[{"start":{"line":71,"column":8},"end":{"line":73,"column":null}},{"start":{},"end":{}}],"line":71}},"s":{"0":1,"1":1,"2":1,"3":1,"4":1,"5":2,"6":48,"7":0,"8":0,"9":0,"10":0,"11":0,"12":1,"13":1,"14":0,"15":1,"16":0,"17":0,"18":0,"19":0,"20":0,"21":0,"22":0,"23":0,"24":0,"25":0,"26":0,"27":0,"28":1,"29":1},"f":{"0":2,"1":48,"2":0,"3":0,"4":0,"5":1,"6":0,"7":0,"8":0,"9":0},"b":{"0":[0,0],"1":[0,0,0],"2":[0],"3":[0,0,0],"4":[0],"5":[0,1],"6":[0,0],"7":[0,0]},"meta":{"lastBranch":8,"lastFunction":10,"lastStatement":30,"seen":{"s:3:42:3:Infinity":0,"s:4:42:4:Infinity":1,"s:6:21:6:Infinity":2,"s:7:21:7:Infinity":3,"s:9:23:12:Infinity":4,"f:14:9:14:25":0,"s:15:2:20:Infinity":5,"f:16:32:16:33":1,"s:16:59:19:5":6,"f:23:9:23:17":2,"b:24:2:26:Infinity:undefined:undefined:undefined:undefined":0,"s:24:2:26:Infinity":7,"b:24:6:24:11:24:16:24:41:24:45:24:72":1,"s:25:4:25:Infinity":8,"s:28:2:28:Infinity":9,"f:31:16:31:31":3,"b:31:52:31:68":2,"s:32:2:36:Infinity":10,"b:33:4:33:40:34:4:34:53:35:4:35:Infinity":3,"f:39:16:39:31":4,"b:39:64:39:80":4,"s:40:2:40:Infinity":11,"f:43:16:43:35":5,"s:44:19:44:Infinity":12,"b:46:2:48:Infinity:undefined:undefined:undefined:undefined":5,"s:46:2:48:Infinity":13,"s:47:4:47:Infinity":14,"s:50:16:81:Infinity":15,"f:53:6:53:9":6,"s:54:22:54:Infinity":16,"s:55:26:55:Infinity":17,"s:57:8:57:Infinity":18,"b:57:49:57:70:57:73:57:Infinity":6,"f:59:6:59:9":7,"s:60:22:60:Infinity":19,"s:61:8:61:Infinity":20,"f:63:6:63:13":8,"s:64:22:64:Infinity":21,"s:65:8:65:Infinity":22,"f:67:6:67:30":9,"s:68:22:68:Infinity":23,"s:69:27:69:Infinity":24,"b:71:8:73:Infinity:undefined:undefined:undefined:undefined":7,"s:71:8:73:Infinity":25,"s:72:10:72:Infinity":26,"s:75:8:78:Infinity":27,"s:83:2:83:Infinity":28,"s:84:2:84:Infinity":29}}}
,"C:\\Users\\nhatk\\OneDrive\\Máy tính\\project\\Threddit\\src\\constant\\text\\source\\en\\account.text.js": {"path":"C:\\Users\\nhatk\\OneDrive\\Máy tính\\project\\Threddit\\src\\constant\\text\\source\\en\\account.text.js","statementMap":{"0":{"start":{"line":1,"column":23},"end":{"line":54,"column":null}}},"fnMap":{},"branchMap":{},"s":{"0":1},"f":{},"b":{},"meta":{"lastBranch":0,"lastFunction":0,"lastStatement":1,"seen":{"s:1:23:54:Infinity":0}}}
,"C:\\Users\\nhatk\\OneDrive\\Máy tính\\project\\Threddit\\src\\constant\\text\\source\\en\\block.text.js": {"path":"C:\\Users\\nhatk\\OneDrive\\Máy tính\\project\\Threddit\\src\\constant\\text\\source\\en\\block.text.js","statementMap":{"0":{"start":{"line":1,"column":21},"end":{"line":28,"column":null}}},"fnMap":{},"branchMap":{},"s":{"0":1},"f":{},"b":{},"meta":{"lastBranch":0,"lastFunction":0,"lastStatement":1,"seen":{"s:1:21:28:Infinity":0}}}
,"C:\\Users\\nhatk\\OneDrive\\Máy tính\\project\\Threddit\\src\\constant\\text\\source\\en\\button.text.js": {"path":"C:\\Users\\nhatk\\OneDrive\\Máy tính\\project\\Threddit\\src\\constant\\text\\source\\en\\button.text.js","statementMap":{"0":{"start":{"line":1,"column":26},"end":{"line":5,"column":null}}},"fnMap":{},"branchMap":{},"s":{"0":1},"f":{},"b":{},"meta":{"lastBranch":0,"lastFunction":0,"lastStatement":1,"seen":{"s:1:26:5:Infinity":0}}}
,"C:\\Users\\nhatk\\OneDrive\\Máy tính\\project\\Threddit\\src\\constant\\text\\source\\en\\chat.text.js": {"path":"C:\\Users\\nhatk\\OneDrive\\Máy tính\\project\\Threddit\\src\\constant\\text\\source\\en\\chat.text.js","statementMap":{"0":{"start":{"line":1,"column":20},"end":{"line":8,"column":null}}},"fnMap":{},"branchMap":{},"s":{"0":1},"f":{},"b":{},"meta":{"lastBranch":0,"lastFunction":0,"lastStatement":1,"seen":{"s:1:20:8:Infinity":0}}}
,"C:\\Users\\nhatk\\OneDrive\\Máy tính\\project\\Threddit\\src\\constant\\text\\source\\en\\common.text.js": {"path":"C:\\Users\\nhatk\\OneDrive\\Máy tính\\project\\Threddit\\src\\constant\\text\\source\\en\\common.text.js","statementMap":{"0":{"start":{"line":1,"column":22},"end":{"line":33,"column":null}},"1":{"start":{"line":26,"column":27},"end":{"line":26,"column":49}},"2":{"start":{"line":27,"column":25},"end":{"line":27,"column":45}},"3":{"start":{"line":28,"column":24},"end":{"line":28,"column":43}},"4":{"start":{"line":29,"column":25},"end":{"line":29,"column":45}},"5":{"start":{"line":30,"column":26},"end":{"line":30,"column":47}},"6":{"start":{"line":31,"column":25},"end":{"line":31,"column":45}}},"fnMap":{"0":{"name":"(anonymous_0)","decl":{"start":{"line":26,"column":16},"end":{"line":26,"column":17}},"loc":{"start":{"line":26,"column":27},"end":{"line":26,"column":49}},"line":26},"1":{"name":"(anonymous_1)","decl":{"start":{"line":27,"column":14},"end":{"line":27,"column":15}},"loc":{"start":{"line":27,"column":25},"end":{"line":27,"column":45}},"line":27},"2":{"name":"(anonymous_2)","decl":{"start":{"line":28,"column":13},"end":{"line":28,"column":14}},"loc":{"start":{"line":28,"column":24},"end":{"line":28,"column":43}},"line":28},"3":{"name":"(anonymous_3)","decl":{"start":{"line":29,"column":14},"end":{"line":29,"column":15}},"loc":{"start":{"line":29,"column":25},"end":{"line":29,"column":45}},"line":29},"4":{"name":"(anonymous_4)","decl":{"start":{"line":30,"column":15},"end":{"line":30,"column":16}},"loc":{"start":{"line":30,"column":26},"end":{"line":30,"column":47}},"line":30},"5":{"name":"(anonymous_5)","decl":{"start":{"line":31,"column":14},"end":{"line":31,"column":15}},"loc":{"start":{"line":31,"column":25},"end":{"line":31,"column":45}},"line":31}},"branchMap":{},"s":{"0":1,"1":0,"2":0,"3":0,"4":0,"5":0,"6":0},"f":{"0":0,"1":0,"2":0,"3":0,"4":0,"5":0},"b":{},"meta":{"lastBranch":0,"lastFunction":6,"lastStatement":7,"seen":{"s:1:22:33:Infinity":0,"f:26:16:26:17":0,"s:26:27:26:49":1,"f:27:14:27:15":1,"s:27:25:27:45":2,"f:28:13:28:14":2,"s:28:24:28:43":3,"f:29:14:29:15":3,"s:29:25:29:45":4,"f:30:15:30:16":4,"s:30:26:30:47":5,"f:31:14:31:15":5,"s:31:25:31:45":6}}}
,"C:\\Users\\nhatk\\OneDrive\\Máy tính\\project\\Threddit\\src\\constant\\text\\source\\en\\error.text.js": {"path":"C:\\Users\\nhatk\\OneDrive\\Máy tính\\project\\Threddit\\src\\constant\\text\\source\\en\\error.text.js","statementMap":{"0":{"start":{"line":1,"column":25},"end":{"line":35,"column":null}}},"fnMap":{},"branchMap":{},"s":{"0":1},"f":{},"b":{},"meta":{"lastBranch":0,"lastFunction":0,"lastStatement":1,"seen":{"s:1:25:35:Infinity":0}}}
,"C:\\Users\\nhatk\\OneDrive\\Máy tính\\project\\Threddit\\src\\constant\\text\\source\\en\\follow.text.js": {"path":"C:\\Users\\nhatk\\OneDrive\\Máy tính\\project\\Threddit\\src\\constant\\text\\source\\en\\follow.text.js","statementMap":{"0":{"start":{"line":1,"column":22},"end":{"line":48,"column":null}}},"fnMap":{},"branchMap":{},"s":{"0":1},"f":{},"b":{},"meta":{"lastBranch":0,"lastFunction":0,"lastStatement":1,"seen":{"s:1:22:48:Infinity":0}}}
,"C:\\Users\\nhatk\\OneDrive\\Máy tính\\project\\Threddit\\src\\constant\\text\\source\\en\\friend.text.js": {"path":"C:\\Users\\nhatk\\OneDrive\\Máy tính\\project\\Threddit\\src\\constant\\text\\source\\en\\friend.text.js","statementMap":{"0":{"start":{"line":1,"column":22},"end":{"line":62,"column":null}}},"fnMap":{},"branchMap":{},"s":{"0":1},"f":{},"b":{},"meta":{"lastBranch":0,"lastFunction":0,"lastStatement":1,"seen":{"s:1:22:62:Infinity":0}}}
,"C:\\Users\\nhatk\\OneDrive\\Máy tính\\project\\Threddit\\src\\constant\\text\\source\\en\\legacy.text.js": {"path":"C:\\Users\\nhatk\\OneDrive\\Máy tính\\project\\Threddit\\src\\constant\\text\\source\\en\\legacy.text.js","statementMap":{"0":{"start":{"line":1,"column":26},"end":{"line":10,"column":null}}},"fnMap":{},"branchMap":{},"s":{"0":1},"f":{},"b":{},"meta":{"lastBranch":0,"lastFunction":0,"lastStatement":1,"seen":{"s:1:26:10:Infinity":0}}}
,"C:\\Users\\nhatk\\OneDrive\\Máy tính\\project\\Threddit\\src\\constant\\text\\source\\en\\modal.js": {"path":"C:\\Users\\nhatk\\OneDrive\\Máy tính\\project\\Threddit\\src\\constant\\text\\source\\en\\modal.js","statementMap":{"0":{"start":{"line":1,"column":21},"end":{"line":14,"column":null}}},"fnMap":{},"branchMap":{},"s":{"0":1},"f":{},"b":{},"meta":{"lastBranch":0,"lastFunction":0,"lastStatement":1,"seen":{"s:1:21:14:Infinity":0}}}
,"C:\\Users\\nhatk\\OneDrive\\Máy tính\\project\\Threddit\\src\\constant\\text\\source\\en\\notification.text.js": {"path":"C:\\Users\\nhatk\\OneDrive\\Máy tính\\project\\Threddit\\src\\constant\\text\\source\\en\\notification.text.js","statementMap":{"0":{"start":{"line":1,"column":39},"end":{"line":8,"column":null}},"1":{"start":{"line":2,"column":21},"end":{"line":2,"column":null}},"2":{"start":{"line":4,"column":2},"end":{"line":4,"column":null}},"3":{"start":{"line":4,"column":36},"end":{"line":4,"column":null}},"4":{"start":{"line":5,"column":2},"end":{"line":5,"column":null}},"5":{"start":{"line":5,"column":35},"end":{"line":5,"column":null}},"6":{"start":{"line":7,"column":2},"end":{"line":7,"column":null}},"7":{"start":{"line":10,"column":28},"end":{"line":69,"column":null}},"8":{"start":{"line":57,"column":6},"end":{"line":57,"column":72}},"9":{"start":{"line":59,"column":6},"end":{"line":59,"column":72}}},"fnMap":{"0":{"name":"(anonymous_0)","decl":{"start":{"line":1,"column":39},"end":{"line":1,"column":40}},"loc":{"start":{"line":1,"column":56},"end":{"line":8,"column":null}},"line":1},"1":{"name":"(anonymous_1)","decl":{"start":{"line":56,"column":32},"end":{"line":56,"column":33}},"loc":{"start":{"line":57,"column":6},"end":{"line":57,"column":72}},"line":57},"2":{"name":"(anonymous_2)","decl":{"start":{"line":58,"column":29},"end":{"line":58,"column":30}},"loc":{"start":{"line":59,"column":6},"end":{"line":59,"column":72}},"line":59}},"branchMap":{"0":{"loc":{"start":{"line":2,"column":28},"end":{"line":2,"column":45}},"type":"binary-expr","locations":[{"start":{"line":2,"column":28},"end":{"line":2,"column":39}},{"start":{"line":2,"column":43},"end":{"line":2,"column":45}}],"line":2},"1":{"loc":{"start":{"line":4,"column":2},"end":{"line":4,"column":null}},"type":"if","locations":[{"start":{"line":4,"column":2},"end":{"line":4,"column":null}},{"start":{},"end":{}}],"line":4},"2":{"loc":{"start":{"line":5,"column":2},"end":{"line":5,"column":null}},"type":"if","locations":[{"start":{"line":5,"column":2},"end":{"line":5,"column":null}},{"start":{},"end":{}}],"line":5}},"s":{"0":1,"1":0,"2":0,"3":0,"4":0,"5":0,"6":0,"7":1,"8":0,"9":0},"f":{"0":0,"1":0,"2":0},"b":{"0":[0,0],"1":[0,0],"2":[0,0]},"meta":{"lastBranch":3,"lastFunction":3,"lastStatement":10,"seen":{"s:1:39:8:Infinity":0,"f:1:39:1:40":0,"s:2:21:2:Infinity":1,"b:2:28:2:39:2:43:2:45":0,"b:4:2:4:Infinity:undefined:undefined:undefined:undefined":1,"s:4:2:4:Infinity":2,"s:4:36:4:Infinity":3,"b:5:2:5:Infinity:undefined:undefined:undefined:undefined":2,"s:5:2:5:Infinity":4,"s:5:35:5:Infinity":5,"s:7:2:7:Infinity":6,"s:10:28:69:Infinity":7,"f:56:32:56:33":1,"s:57:6:57:72":8,"f:58:29:58:30":2,"s:59:6:59:72":9}}}
,"C:\\Users\\nhatk\\OneDrive\\Máy tính\\project\\Threddit\\src\\constant\\text\\source\\en\\profile.text.js": {"path":"C:\\Users\\nhatk\\OneDrive\\Máy tính\\project\\Threddit\\src\\constant\\text\\source\\en\\profile.text.js","statementMap":{"0":{"start":{"line":1,"column":23},"end":{"line":120,"column":null}}},"fnMap":{},"branchMap":{},"s":{"0":1},"f":{},"b":{},"meta":{"lastBranch":0,"lastFunction":0,"lastStatement":1,"seen":{"s:1:23:120:Infinity":0}}}
,"C:\\Users\\nhatk\\OneDrive\\Máy tính\\project\\Threddit\\src\\constant\\text\\source\\en\\sidebar.text.js": {"path":"C:\\Users\\nhatk\\OneDrive\\Máy tính\\project\\Threddit\\src\\constant\\text\\source\\en\\sidebar.text.js","statementMap":{"0":{"start":{"line":1,"column":23},"end":{"line":25,"column":null}}},"fnMap":{},"branchMap":{},"s":{"0":1},"f":{},"b":{},"meta":{"lastBranch":0,"lastFunction":0,"lastStatement":1,"seen":{"s:1:23:25:Infinity":0}}}
,"C:\\Users\\nhatk\\OneDrive\\Máy tính\\project\\Threddit\\src\\constant\\text\\source\\en\\story.js": {"path":"C:\\Users\\nhatk\\OneDrive\\Máy tính\\project\\Threddit\\src\\constant\\text\\source\\en\\story.js","statementMap":{"0":{"start":{"line":1,"column":21},"end":{"line":161,"column":null}},"1":{"start":{"line":74,"column":28},"end":{"line":74,"column":87}},"2":{"start":{"line":127,"column":41},"end":{"line":127,"column":64}},"3":{"start":{"line":136,"column":47},"end":{"line":136,"column":79}},"4":{"start":{"line":151,"column":43},"end":{"line":151,"column":62}},"5":{"start":{"line":152,"column":44},"end":{"line":152,"column":71}}},"fnMap":{"0":{"name":"(anonymous_0)","decl":{"start":{"line":74,"column":16},"end":{"line":74,"column":17}},"loc":{"start":{"line":74,"column":28},"end":{"line":74,"column":87}},"line":74},"1":{"name":"(anonymous_1)","decl":{"start":{"line":127,"column":22},"end":{"line":127,"column":23}},"loc":{"start":{"line":127,"column":41},"end":{"line":127,"column":64}},"line":127},"2":{"name":"(anonymous_2)","decl":{"start":{"line":136,"column":28},"end":{"line":136,"column":29}},"loc":{"start":{"line":136,"column":47},"end":{"line":136,"column":79}},"line":136},"3":{"name":"(anonymous_3)","decl":{"start":{"line":151,"column":30},"end":{"line":151,"column":31}},"loc":{"start":{"line":151,"column":43},"end":{"line":151,"column":62}},"line":151},"4":{"name":"(anonymous_4)","decl":{"start":{"line":152,"column":25},"end":{"line":152,"column":26}},"loc":{"start":{"line":152,"column":44},"end":{"line":152,"column":71}},"line":152}},"branchMap":{"0":{"loc":{"start":{"line":74,"column":28},"end":{"line":74,"column":87}},"type":"cond-expr","locations":[{"start":{"line":74,"column":40},"end":{"line":74,"column":65}},{"start":{"line":74,"column":68},"end":{"line":74,"column":87}}],"line":74}},"s":{"0":1,"1":0,"2":0,"3":0,"4":0,"5":0},"f":{"0":0,"1":0,"2":0,"3":0,"4":0},"b":{"0":[0,0]},"meta":{"lastBranch":1,"lastFunction":5,"lastStatement":6,"seen":{"s:1:21:161:Infinity":0,"f:74:16:74:17":0,"s:74:28:74:87":1,"b:74:40:74:65:74:68:74:87":0,"f:127:22:127:23":1,"s:127:41:127:64":2,"f:136:28:136:29":2,"s:136:47:136:79":3,"f:151:30:151:31":3,"s:151:43:151:62":4,"f:152:25:152:26":4,"s:152:44:152:71":5}}}
,"C:\\Users\\nhatk\\OneDrive\\Máy tính\\project\\Threddit\\src\\constant\\text\\source\\en\\auth\\auth.text.js": {"path":"C:\\Users\\nhatk\\OneDrive\\Máy tính\\project\\Threddit\\src\\constant\\text\\source\\en\\auth\\auth.text.js","statementMap":{"0":{"start":{"line":1,"column":25},"end":{"line":110,"column":null}},"1":{"start":{"line":59,"column":34},"end":{"line":59,"column":70}}},"fnMap":{"0":{"name":"(anonymous_0)","decl":{"start":{"line":59,"column":22},"end":{"line":59,"column":23}},"loc":{"start":{"line":59,"column":34},"end":{"line":59,"column":70}},"line":59}},"branchMap":{},"s":{"0":1,"1":0},"f":{"0":0},"b":{},"meta":{"lastBranch":0,"lastFunction":1,"lastStatement":2,"seen":{"s:1:25:110:Infinity":0,"f:59:22:59:23":0,"s:59:34:59:70":1}}}
,"C:\\Users\\nhatk\\OneDrive\\Máy tính\\project\\Threddit\\src\\constant\\text\\source\\en\\auth\\index.js": {"path":"C:\\Users\\nhatk\\OneDrive\\Máy tính\\project\\Threddit\\src\\constant\\text\\source\\en\\auth\\index.js","statementMap":{},"fnMap":{},"branchMap":{},"s":{},"f":{},"b":{},"meta":{"lastBranch":0,"lastFunction":0,"lastStatement":0,"seen":{}}}
,"C:\\Users\\nhatk\\OneDrive\\Máy tính\\project\\Threddit\\src\\constant\\text\\source\\en\\post\\comment.text.js": {"path":"C:\\Users\\nhatk\\OneDrive\\Máy tính\\project\\Threddit\\src\\constant\\text\\source\\en\\post\\comment.text.js","statementMap":{"0":{"start":{"line":1,"column":27},"end":{"line":41,"column":null}}},"fnMap":{},"branchMap":{},"s":{"0":1},"f":{},"b":{},"meta":{"lastBranch":0,"lastFunction":0,"lastStatement":1,"seen":{"s:1:27:41:Infinity":0}}}
,"C:\\Users\\nhatk\\OneDrive\\Máy tính\\project\\Threddit\\src\\constant\\text\\source\\en\\post\\composer.text.js": {"path":"C:\\Users\\nhatk\\OneDrive\\Máy tính\\project\\Threddit\\src\\constant\\text\\source\\en\\post\\composer.text.js","statementMap":{"0":{"start":{"line":1,"column":28},"end":{"line":74,"column":null}},"1":{"start":{"line":17,"column":36},"end":{"line":17,"column":79}}},"fnMap":{"0":{"name":"(anonymous_0)","decl":{"start":{"line":17,"column":19},"end":{"line":17,"column":20}},"loc":{"start":{"line":17,"column":36},"end":{"line":17,"column":79}},"line":17}},"branchMap":{},"s":{"0":1,"1":0},"f":{"0":0},"b":{},"meta":{"lastBranch":0,"lastFunction":1,"lastStatement":2,"seen":{"s:1:28:74:Infinity":0,"f:17:19:17:20":0,"s:17:36:17:79":1}}}
,"C:\\Users\\nhatk\\OneDrive\\Máy tính\\project\\Threddit\\src\\constant\\text\\source\\en\\post\\detailpost.text.js": {"path":"C:\\Users\\nhatk\\OneDrive\\Máy tính\\project\\Threddit\\src\\constant\\text\\source\\en\\post\\detailpost.text.js","statementMap":{"0":{"start":{"line":1,"column":26},"end":{"line":11,"column":null}}},"fnMap":{},"branchMap":{},"s":{"0":1},"f":{},"b":{},"meta":{"lastBranch":0,"lastFunction":0,"lastStatement":1,"seen":{"s:1:26:11:Infinity":0}}}
,"C:\\Users\\nhatk\\OneDrive\\Máy tính\\project\\Threddit\\src\\constant\\text\\source\\en\\post\\detailpostpage.text.js": {"path":"C:\\Users\\nhatk\\OneDrive\\Máy tính\\project\\Threddit\\src\\constant\\text\\source\\en\\post\\detailpostpage.text.js","statementMap":{"0":{"start":{"line":1,"column":30},"end":{"line":17,"column":null}}},"fnMap":{},"branchMap":{},"s":{"0":1},"f":{},"b":{},"meta":{"lastBranch":0,"lastFunction":0,"lastStatement":1,"seen":{"s:1:30:17:Infinity":0}}}
,"C:\\Users\\nhatk\\OneDrive\\Máy tính\\project\\Threddit\\src\\constant\\text\\source\\en\\post\\feed.text.js": {"path":"C:\\Users\\nhatk\\OneDrive\\Máy tính\\project\\Threddit\\src\\constant\\text\\source\\en\\post\\feed.text.js","statementMap":{"0":{"start":{"line":1,"column":24},"end":{"line":10,"column":null}}},"fnMap":{},"branchMap":{},"s":{"0":1},"f":{},"b":{},"meta":{"lastBranch":0,"lastFunction":0,"lastStatement":1,"seen":{"s:1:24:10:Infinity":0}}}
,"C:\\Users\\nhatk\\OneDrive\\Máy tính\\project\\Threddit\\src\\constant\\text\\source\\en\\post\\post.js": {"path":"C:\\Users\\nhatk\\OneDrive\\Máy tính\\project\\Threddit\\src\\constant\\text\\source\\en\\post\\post.js","statementMap":{"0":{"start":{"line":1,"column":20},"end":{"line":35,"column":null}}},"fnMap":{},"branchMap":{},"s":{"0":1},"f":{},"b":{},"meta":{"lastBranch":0,"lastFunction":0,"lastStatement":1,"seen":{"s:1:20:35:Infinity":0}}}
,"C:\\Users\\nhatk\\OneDrive\\Máy tính\\project\\Threddit\\src\\constant\\text\\source\\en\\post\\reel.text.js": {"path":"C:\\Users\\nhatk\\OneDrive\\Máy tính\\project\\Threddit\\src\\constant\\text\\source\\en\\post\\reel.text.js","statementMap":{"0":{"start":{"line":1,"column":24},"end":{"line":25,"column":null}},"1":{"start":{"line":9,"column":27},"end":{"line":9,"column":44}},"2":{"start":{"line":22,"column":45},"end":{"line":22,"column":76}}},"fnMap":{"0":{"name":"(anonymous_0)","decl":{"start":{"line":9,"column":16},"end":{"line":9,"column":17}},"loc":{"start":{"line":9,"column":27},"end":{"line":9,"column":44}},"line":9},"1":{"name":"(anonymous_1)","decl":{"start":{"line":22,"column":26},"end":{"line":22,"column":27}},"loc":{"start":{"line":22,"column":45},"end":{"line":22,"column":76}},"line":22}},"branchMap":{},"s":{"0":1,"1":0,"2":0},"f":{"0":0,"1":0},"b":{},"meta":{"lastBranch":0,"lastFunction":2,"lastStatement":3,"seen":{"s:1:24:25:Infinity":0,"f:9:16:9:17":0,"s:9:27:9:44":1,"f:22:26:22:27":1,"s:22:45:22:76":2}}}
,"C:\\Users\\nhatk\\OneDrive\\Máy tính\\project\\Threddit\\src\\constant\\text\\source\\en\\post\\search.text.js": {"path":"C:\\Users\\nhatk\\OneDrive\\Máy tính\\project\\Threddit\\src\\constant\\text\\source\\en\\post\\search.text.js","statementMap":{"0":{"start":{"line":1,"column":26},"end":{"line":41,"column":null}},"1":{"start":{"line":11,"column":31},"end":{"line":11,"column":55}},"2":{"start":{"line":16,"column":6},"end":{"line":16,"column":null}},"3":{"start":{"line":19,"column":6},"end":{"line":19,"column":null}},"4":{"start":{"line":28,"column":6},"end":{"line":28,"column":null}},"5":{"start":{"line":31,"column":6},"end":{"line":31,"column":null}},"6":{"start":{"line":33,"column":34},"end":{"line":33,"column":63}}},"fnMap":{"0":{"name":"(anonymous_0)","decl":{"start":{"line":11,"column":20},"end":{"line":11,"column":21}},"loc":{"start":{"line":11,"column":31},"end":{"line":11,"column":55}},"line":11},"1":{"name":"(anonymous_1)","decl":{"start":{"line":15,"column":24},"end":{"line":15,"column":25}},"loc":{"start":{"line":16,"column":6},"end":{"line":16,"column":null}},"line":16},"2":{"name":"(anonymous_2)","decl":{"start":{"line":18,"column":28},"end":{"line":18,"column":29}},"loc":{"start":{"line":19,"column":6},"end":{"line":19,"column":null}},"line":19},"3":{"name":"(anonymous_3)","decl":{"start":{"line":27,"column":21},"end":{"line":27,"column":22}},"loc":{"start":{"line":28,"column":6},"end":{"line":28,"column":null}},"line":28},"4":{"name":"(anonymous_4)","decl":{"start":{"line":30,"column":19},"end":{"line":30,"column":20}},"loc":{"start":{"line":31,"column":6},"end":{"line":31,"column":null}},"line":31},"5":{"name":"(anonymous_5)","decl":{"start":{"line":33,"column":23},"end":{"line":33,"column":24}},"loc":{"start":{"line":33,"column":34},"end":{"line":33,"column":63}},"line":33}},"branchMap":{},"s":{"0":1,"1":0,"2":0,"3":0,"4":0,"5":0,"6":0},"f":{"0":0,"1":0,"2":0,"3":0,"4":0,"5":0},"b":{},"meta":{"lastBranch":0,"lastFunction":6,"lastStatement":7,"seen":{"s:1:26:41:Infinity":0,"f:11:20:11:21":0,"s:11:31:11:55":1,"f:15:24:15:25":1,"s:16:6:16:Infinity":2,"f:18:28:18:29":2,"s:19:6:19:Infinity":3,"f:27:21:27:22":3,"s:28:6:28:Infinity":4,"f:30:19:30:20":4,"s:31:6:31:Infinity":5,"f:33:23:33:24":5,"s:33:34:33:63":6}}}
,"C:\\Users\\nhatk\\OneDrive\\Máy tính\\project\\Threddit\\src\\constant\\text\\source\\vi\\account.text.js": {"path":"C:\\Users\\nhatk\\OneDrive\\Máy tính\\project\\Threddit\\src\\constant\\text\\source\\vi\\account.text.js","statementMap":{"0":{"start":{"line":1,"column":23},"end":{"line":51,"column":null}}},"fnMap":{},"branchMap":{},"s":{"0":1},"f":{},"b":{},"meta":{"lastBranch":0,"lastFunction":0,"lastStatement":1,"seen":{"s:1:23:51:Infinity":0}}}
,"C:\\Users\\nhatk\\OneDrive\\Máy tính\\project\\Threddit\\src\\constant\\text\\source\\vi\\block.text.js": {"path":"C:\\Users\\nhatk\\OneDrive\\Máy tính\\project\\Threddit\\src\\constant\\text\\source\\vi\\block.text.js","statementMap":{"0":{"start":{"line":1,"column":21},"end":{"line":27,"column":null}}},"fnMap":{},"branchMap":{},"s":{"0":1},"f":{},"b":{},"meta":{"lastBranch":0,"lastFunction":0,"lastStatement":1,"seen":{"s:1:21:27:Infinity":0}}}
,"C:\\Users\\nhatk\\OneDrive\\Máy tính\\project\\Threddit\\src\\constant\\text\\source\\vi\\button.text.js": {"path":"C:\\Users\\nhatk\\OneDrive\\Máy tính\\project\\Threddit\\src\\constant\\text\\source\\vi\\button.text.js","statementMap":{"0":{"start":{"line":1,"column":26},"end":{"line":5,"column":null}}},"fnMap":{},"branchMap":{},"s":{"0":1},"f":{},"b":{},"meta":{"lastBranch":0,"lastFunction":0,"lastStatement":1,"seen":{"s:1:26:5:Infinity":0}}}
,"C:\\Users\\nhatk\\OneDrive\\Máy tính\\project\\Threddit\\src\\constant\\text\\source\\vi\\chat.text.js": {"path":"C:\\Users\\nhatk\\OneDrive\\Máy tính\\project\\Threddit\\src\\constant\\text\\source\\vi\\chat.text.js","statementMap":{"0":{"start":{"line":1,"column":20},"end":{"line":8,"column":null}}},"fnMap":{},"branchMap":{},"s":{"0":1},"f":{},"b":{},"meta":{"lastBranch":0,"lastFunction":0,"lastStatement":1,"seen":{"s:1:20:8:Infinity":0}}}
,"C:\\Users\\nhatk\\OneDrive\\Máy tính\\project\\Threddit\\src\\constant\\text\\source\\vi\\common.text.js": {"path":"C:\\Users\\nhatk\\OneDrive\\Máy tính\\project\\Threddit\\src\\constant\\text\\source\\vi\\common.text.js","statementMap":{"0":{"start":{"line":1,"column":22},"end":{"line":33,"column":null}},"1":{"start":{"line":26,"column":27},"end":{"line":26,"column":48}},"2":{"start":{"line":27,"column":25},"end":{"line":27,"column":45}},"3":{"start":{"line":28,"column":24},"end":{"line":28,"column":45}},"4":{"start":{"line":29,"column":25},"end":{"line":29,"column":46}},"5":{"start":{"line":30,"column":26},"end":{"line":30,"column":48}},"6":{"start":{"line":31,"column":25},"end":{"line":31,"column":45}}},"fnMap":{"0":{"name":"(anonymous_0)","decl":{"start":{"line":26,"column":16},"end":{"line":26,"column":17}},"loc":{"start":{"line":26,"column":27},"end":{"line":26,"column":48}},"line":26},"1":{"name":"(anonymous_1)","decl":{"start":{"line":27,"column":14},"end":{"line":27,"column":15}},"loc":{"start":{"line":27,"column":25},"end":{"line":27,"column":45}},"line":27},"2":{"name":"(anonymous_2)","decl":{"start":{"line":28,"column":13},"end":{"line":28,"column":14}},"loc":{"start":{"line":28,"column":24},"end":{"line":28,"column":45}},"line":28},"3":{"name":"(anonymous_3)","decl":{"start":{"line":29,"column":14},"end":{"line":29,"column":15}},"loc":{"start":{"line":29,"column":25},"end":{"line":29,"column":46}},"line":29},"4":{"name":"(anonymous_4)","decl":{"start":{"line":30,"column":15},"end":{"line":30,"column":16}},"loc":{"start":{"line":30,"column":26},"end":{"line":30,"column":48}},"line":30},"5":{"name":"(anonymous_5)","decl":{"start":{"line":31,"column":14},"end":{"line":31,"column":15}},"loc":{"start":{"line":31,"column":25},"end":{"line":31,"column":45}},"line":31}},"branchMap":{},"s":{"0":1,"1":0,"2":0,"3":0,"4":0,"5":0,"6":0},"f":{"0":0,"1":0,"2":0,"3":0,"4":0,"5":0},"b":{},"meta":{"lastBranch":0,"lastFunction":6,"lastStatement":7,"seen":{"s:1:22:33:Infinity":0,"f:26:16:26:17":0,"s:26:27:26:48":1,"f:27:14:27:15":1,"s:27:25:27:45":2,"f:28:13:28:14":2,"s:28:24:28:45":3,"f:29:14:29:15":3,"s:29:25:29:46":4,"f:30:15:30:16":4,"s:30:26:30:48":5,"f:31:14:31:15":5,"s:31:25:31:45":6}}}
,"C:\\Users\\nhatk\\OneDrive\\Máy tính\\project\\Threddit\\src\\constant\\text\\source\\vi\\error.text.js": {"path":"C:\\Users\\nhatk\\OneDrive\\Máy tính\\project\\Threddit\\src\\constant\\text\\source\\vi\\error.text.js","statementMap":{"0":{"start":{"line":1,"column":25},"end":{"line":35,"column":null}}},"fnMap":{},"branchMap":{},"s":{"0":1},"f":{},"b":{},"meta":{"lastBranch":0,"lastFunction":0,"lastStatement":1,"seen":{"s:1:25:35:Infinity":0}}}
,"C:\\Users\\nhatk\\OneDrive\\Máy tính\\project\\Threddit\\src\\constant\\text\\source\\vi\\follow.text.js": {"path":"C:\\Users\\nhatk\\OneDrive\\Máy tính\\project\\Threddit\\src\\constant\\text\\source\\vi\\follow.text.js","statementMap":{"0":{"start":{"line":1,"column":22},"end":{"line":48,"column":null}}},"fnMap":{},"branchMap":{},"s":{"0":1},"f":{},"b":{},"meta":{"lastBranch":0,"lastFunction":0,"lastStatement":1,"seen":{"s:1:22:48:Infinity":0}}}
,"C:\\Users\\nhatk\\OneDrive\\Máy tính\\project\\Threddit\\src\\constant\\text\\source\\vi\\friend.text.js": {"path":"C:\\Users\\nhatk\\OneDrive\\Máy tính\\project\\Threddit\\src\\constant\\text\\source\\vi\\friend.text.js","statementMap":{"0":{"start":{"line":1,"column":22},"end":{"line":62,"column":null}}},"fnMap":{},"branchMap":{},"s":{"0":1},"f":{},"b":{},"meta":{"lastBranch":0,"lastFunction":0,"lastStatement":1,"seen":{"s:1:22:62:Infinity":0}}}
,"C:\\Users\\nhatk\\OneDrive\\Máy tính\\project\\Threddit\\src\\constant\\text\\source\\vi\\legacy.text.js": {"path":"C:\\Users\\nhatk\\OneDrive\\Máy tính\\project\\Threddit\\src\\constant\\text\\source\\vi\\legacy.text.js","statementMap":{"0":{"start":{"line":1,"column":26},"end":{"line":10,"column":null}}},"fnMap":{},"branchMap":{},"s":{"0":1},"f":{},"b":{},"meta":{"lastBranch":0,"lastFunction":0,"lastStatement":1,"seen":{"s:1:26:10:Infinity":0}}}
,"C:\\Users\\nhatk\\OneDrive\\Máy tính\\project\\Threddit\\src\\constant\\text\\source\\vi\\modal.js": {"path":"C:\\Users\\nhatk\\OneDrive\\Máy tính\\project\\Threddit\\src\\constant\\text\\source\\vi\\modal.js","statementMap":{"0":{"start":{"line":1,"column":21},"end":{"line":14,"column":null}}},"fnMap":{},"branchMap":{},"s":{"0":1},"f":{},"b":{},"meta":{"lastBranch":0,"lastFunction":0,"lastStatement":1,"seen":{"s:1:21:14:Infinity":0}}}
,"C:\\Users\\nhatk\\OneDrive\\Máy tính\\project\\Threddit\\src\\constant\\text\\source\\vi\\notification.text.js": {"path":"C:\\Users\\nhatk\\OneDrive\\Máy tính\\project\\Threddit\\src\\constant\\text\\source\\vi\\notification.text.js","statementMap":{"0":{"start":{"line":1,"column":39},"end":{"line":8,"column":null}},"1":{"start":{"line":2,"column":21},"end":{"line":2,"column":null}},"2":{"start":{"line":4,"column":2},"end":{"line":4,"column":null}},"3":{"start":{"line":4,"column":36},"end":{"line":4,"column":null}},"4":{"start":{"line":5,"column":2},"end":{"line":5,"column":null}},"5":{"start":{"line":5,"column":35},"end":{"line":5,"column":null}},"6":{"start":{"line":7,"column":2},"end":{"line":7,"column":null}},"7":{"start":{"line":10,"column":28},"end":{"line":69,"column":null}},"8":{"start":{"line":57,"column":6},"end":{"line":57,"column":75}},"9":{"start":{"line":59,"column":6},"end":{"line":59,"column":75}}},"fnMap":{"0":{"name":"(anonymous_0)","decl":{"start":{"line":1,"column":39},"end":{"line":1,"column":40}},"loc":{"start":{"line":1,"column":56},"end":{"line":8,"column":null}},"line":1},"1":{"name":"(anonymous_1)","decl":{"start":{"line":56,"column":32},"end":{"line":56,"column":33}},"loc":{"start":{"line":57,"column":6},"end":{"line":57,"column":75}},"line":57},"2":{"name":"(anonymous_2)","decl":{"start":{"line":58,"column":29},"end":{"line":58,"column":30}},"loc":{"start":{"line":59,"column":6},"end":{"line":59,"column":75}},"line":59}},"branchMap":{"0":{"loc":{"start":{"line":2,"column":28},"end":{"line":2,"column":45}},"type":"binary-expr","locations":[{"start":{"line":2,"column":28},"end":{"line":2,"column":39}},{"start":{"line":2,"column":43},"end":{"line":2,"column":45}}],"line":2},"1":{"loc":{"start":{"line":4,"column":2},"end":{"line":4,"column":null}},"type":"if","locations":[{"start":{"line":4,"column":2},"end":{"line":4,"column":null}},{"start":{},"end":{}}],"line":4},"2":{"loc":{"start":{"line":5,"column":2},"end":{"line":5,"column":null}},"type":"if","locations":[{"start":{"line":5,"column":2},"end":{"line":5,"column":null}},{"start":{},"end":{}}],"line":5}},"s":{"0":1,"1":0,"2":0,"3":0,"4":0,"5":0,"6":0,"7":1,"8":0,"9":0},"f":{"0":0,"1":0,"2":0},"b":{"0":[0,0],"1":[0,0],"2":[0,0]},"meta":{"lastBranch":3,"lastFunction":3,"lastStatement":10,"seen":{"s:1:39:8:Infinity":0,"f:1:39:1:40":0,"s:2:21:2:Infinity":1,"b:2:28:2:39:2:43:2:45":0,"b:4:2:4:Infinity:undefined:undefined:undefined:undefined":1,"s:4:2:4:Infinity":2,"s:4:36:4:Infinity":3,"b:5:2:5:Infinity:undefined:undefined:undefined:undefined":2,"s:5:2:5:Infinity":4,"s:5:35:5:Infinity":5,"s:7:2:7:Infinity":6,"s:10:28:69:Infinity":7,"f:56:32:56:33":1,"s:57:6:57:75":8,"f:58:29:58:30":2,"s:59:6:59:75":9}}}
,"C:\\Users\\nhatk\\OneDrive\\Máy tính\\project\\Threddit\\src\\constant\\text\\source\\vi\\profile.text.js": {"path":"C:\\Users\\nhatk\\OneDrive\\Máy tính\\project\\Threddit\\src\\constant\\text\\source\\vi\\profile.text.js","statementMap":{"0":{"start":{"line":1,"column":23},"end":{"line":121,"column":null}}},"fnMap":{},"branchMap":{},"s":{"0":1},"f":{},"b":{},"meta":{"lastBranch":0,"lastFunction":0,"lastStatement":1,"seen":{"s:1:23:121:Infinity":0}}}
,"C:\\Users\\nhatk\\OneDrive\\Máy tính\\project\\Threddit\\src\\constant\\text\\source\\vi\\sidebar.text.js": {"path":"C:\\Users\\nhatk\\OneDrive\\Máy tính\\project\\Threddit\\src\\constant\\text\\source\\vi\\sidebar.text.js","statementMap":{"0":{"start":{"line":1,"column":23},"end":{"line":25,"column":null}}},"fnMap":{},"branchMap":{},"s":{"0":1},"f":{},"b":{},"meta":{"lastBranch":0,"lastFunction":0,"lastStatement":1,"seen":{"s:1:23:25:Infinity":0}}}
,"C:\\Users\\nhatk\\OneDrive\\Máy tính\\project\\Threddit\\src\\constant\\text\\source\\vi\\story.js": {"path":"C:\\Users\\nhatk\\OneDrive\\Máy tính\\project\\Threddit\\src\\constant\\text\\source\\vi\\story.js","statementMap":{"0":{"start":{"line":1,"column":21},"end":{"line":161,"column":null}},"1":{"start":{"line":74,"column":28},"end":{"line":74,"column":86}},"2":{"start":{"line":127,"column":41},"end":{"line":127,"column":64}},"3":{"start":{"line":136,"column":47},"end":{"line":136,"column":78}},"4":{"start":{"line":151,"column":43},"end":{"line":151,"column":64}},"5":{"start":{"line":152,"column":44},"end":{"line":152,"column":73}}},"fnMap":{"0":{"name":"(anonymous_0)","decl":{"start":{"line":74,"column":16},"end":{"line":74,"column":17}},"loc":{"start":{"line":74,"column":28},"end":{"line":74,"column":86}},"line":74},"1":{"name":"(anonymous_1)","decl":{"start":{"line":127,"column":22},"end":{"line":127,"column":23}},"loc":{"start":{"line":127,"column":41},"end":{"line":127,"column":64}},"line":127},"2":{"name":"(anonymous_2)","decl":{"start":{"line":136,"column":28},"end":{"line":136,"column":29}},"loc":{"start":{"line":136,"column":47},"end":{"line":136,"column":78}},"line":136},"3":{"name":"(anonymous_3)","decl":{"start":{"line":151,"column":30},"end":{"line":151,"column":31}},"loc":{"start":{"line":151,"column":43},"end":{"line":151,"column":64}},"line":151},"4":{"name":"(anonymous_4)","decl":{"start":{"line":152,"column":25},"end":{"line":152,"column":26}},"loc":{"start":{"line":152,"column":44},"end":{"line":152,"column":73}},"line":152}},"branchMap":{"0":{"loc":{"start":{"line":74,"column":28},"end":{"line":74,"column":86}},"type":"cond-expr","locations":[{"start":{"line":74,"column":40},"end":{"line":74,"column":64}},{"start":{"line":74,"column":67},"end":{"line":74,"column":86}}],"line":74}},"s":{"0":1,"1":0,"2":0,"3":0,"4":0,"5":0},"f":{"0":0,"1":0,"2":0,"3":0,"4":0},"b":{"0":[0,0]},"meta":{"lastBranch":1,"lastFunction":5,"lastStatement":6,"seen":{"s:1:21:161:Infinity":0,"f:74:16:74:17":0,"s:74:28:74:86":1,"b:74:40:74:64:74:67:74:86":0,"f:127:22:127:23":1,"s:127:41:127:64":2,"f:136:28:136:29":2,"s:136:47:136:78":3,"f:151:30:151:31":3,"s:151:43:151:64":4,"f:152:25:152:26":4,"s:152:44:152:73":5}}}
,"C:\\Users\\nhatk\\OneDrive\\Máy tính\\project\\Threddit\\src\\constant\\text\\source\\vi\\auth\\auth.text.js": {"path":"C:\\Users\\nhatk\\OneDrive\\Máy tính\\project\\Threddit\\src\\constant\\text\\source\\vi\\auth\\auth.text.js","statementMap":{"0":{"start":{"line":1,"column":25},"end":{"line":110,"column":null}},"1":{"start":{"line":59,"column":34},"end":{"line":59,"column":69}}},"fnMap":{"0":{"name":"(anonymous_0)","decl":{"start":{"line":59,"column":22},"end":{"line":59,"column":23}},"loc":{"start":{"line":59,"column":34},"end":{"line":59,"column":69}},"line":59}},"branchMap":{},"s":{"0":1,"1":0},"f":{"0":0},"b":{},"meta":{"lastBranch":0,"lastFunction":1,"lastStatement":2,"seen":{"s:1:25:110:Infinity":0,"f:59:22:59:23":0,"s:59:34:59:69":1}}}
,"C:\\Users\\nhatk\\OneDrive\\Máy tính\\project\\Threddit\\src\\constant\\text\\source\\vi\\auth\\index.js": {"path":"C:\\Users\\nhatk\\OneDrive\\Máy tính\\project\\Threddit\\src\\constant\\text\\source\\vi\\auth\\index.js","statementMap":{},"fnMap":{},"branchMap":{},"s":{},"f":{},"b":{},"meta":{"lastBranch":0,"lastFunction":0,"lastStatement":0,"seen":{}}}
,"C:\\Users\\nhatk\\OneDrive\\Máy tính\\project\\Threddit\\src\\constant\\text\\source\\vi\\post\\comment.text.js": {"path":"C:\\Users\\nhatk\\OneDrive\\Máy tính\\project\\Threddit\\src\\constant\\text\\source\\vi\\post\\comment.text.js","statementMap":{"0":{"start":{"line":1,"column":27},"end":{"line":41,"column":null}}},"fnMap":{},"branchMap":{},"s":{"0":1},"f":{},"b":{},"meta":{"lastBranch":0,"lastFunction":0,"lastStatement":1,"seen":{"s:1:27:41:Infinity":0}}}
,"C:\\Users\\nhatk\\OneDrive\\Máy tính\\project\\Threddit\\src\\constant\\text\\source\\vi\\post\\composer.text.js": {"path":"C:\\Users\\nhatk\\OneDrive\\Máy tính\\project\\Threddit\\src\\constant\\text\\source\\vi\\post\\composer.text.js","statementMap":{"0":{"start":{"line":1,"column":28},"end":{"line":74,"column":null}},"1":{"start":{"line":17,"column":36},"end":{"line":17,"column":76}}},"fnMap":{"0":{"name":"(anonymous_0)","decl":{"start":{"line":17,"column":19},"end":{"line":17,"column":20}},"loc":{"start":{"line":17,"column":36},"end":{"line":17,"column":76}},"line":17}},"branchMap":{},"s":{"0":1,"1":0},"f":{"0":0},"b":{},"meta":{"lastBranch":0,"lastFunction":1,"lastStatement":2,"seen":{"s:1:28:74:Infinity":0,"f:17:19:17:20":0,"s:17:36:17:76":1}}}
,"C:\\Users\\nhatk\\OneDrive\\Máy tính\\project\\Threddit\\src\\constant\\text\\source\\vi\\post\\detailpost.text.js": {"path":"C:\\Users\\nhatk\\OneDrive\\Máy tính\\project\\Threddit\\src\\constant\\text\\source\\vi\\post\\detailpost.text.js","statementMap":{"0":{"start":{"line":1,"column":26},"end":{"line":11,"column":null}}},"fnMap":{},"branchMap":{},"s":{"0":1},"f":{},"b":{},"meta":{"lastBranch":0,"lastFunction":0,"lastStatement":1,"seen":{"s:1:26:11:Infinity":0}}}
,"C:\\Users\\nhatk\\OneDrive\\Máy tính\\project\\Threddit\\src\\constant\\text\\source\\vi\\post\\detailpostpage.text.js": {"path":"C:\\Users\\nhatk\\OneDrive\\Máy tính\\project\\Threddit\\src\\constant\\text\\source\\vi\\post\\detailpostpage.text.js","statementMap":{"0":{"start":{"line":1,"column":30},"end":{"line":17,"column":1}}},"fnMap":{},"branchMap":{},"s":{"0":1},"f":{},"b":{},"meta":{"lastBranch":0,"lastFunction":0,"lastStatement":1,"seen":{"s:1:30:17:1":0}}}
,"C:\\Users\\nhatk\\OneDrive\\Máy tính\\project\\Threddit\\src\\constant\\text\\source\\vi\\post\\feed.text.js": {"path":"C:\\Users\\nhatk\\OneDrive\\Máy tính\\project\\Threddit\\src\\constant\\text\\source\\vi\\post\\feed.text.js","statementMap":{"0":{"start":{"line":1,"column":24},"end":{"line":10,"column":null}}},"fnMap":{},"branchMap":{},"s":{"0":1},"f":{},"b":{},"meta":{"lastBranch":0,"lastFunction":0,"lastStatement":1,"seen":{"s:1:24:10:Infinity":0}}}
,"C:\\Users\\nhatk\\OneDrive\\Máy tính\\project\\Threddit\\src\\constant\\text\\source\\vi\\post\\post.js": {"path":"C:\\Users\\nhatk\\OneDrive\\Máy tính\\project\\Threddit\\src\\constant\\text\\source\\vi\\post\\post.js","statementMap":{"0":{"start":{"line":1,"column":20},"end":{"line":35,"column":null}}},"fnMap":{},"branchMap":{},"s":{"0":1},"f":{},"b":{},"meta":{"lastBranch":0,"lastFunction":0,"lastStatement":1,"seen":{"s:1:20:35:Infinity":0}}}
,"C:\\Users\\nhatk\\OneDrive\\Máy tính\\project\\Threddit\\src\\constant\\text\\source\\vi\\post\\reel.text.js": {"path":"C:\\Users\\nhatk\\OneDrive\\Máy tính\\project\\Threddit\\src\\constant\\text\\source\\vi\\post\\reel.text.js","statementMap":{"0":{"start":{"line":1,"column":24},"end":{"line":25,"column":null}},"1":{"start":{"line":9,"column":27},"end":{"line":9,"column":44}},"2":{"start":{"line":22,"column":45},"end":{"line":22,"column":80}}},"fnMap":{"0":{"name":"(anonymous_0)","decl":{"start":{"line":9,"column":16},"end":{"line":9,"column":17}},"loc":{"start":{"line":9,"column":27},"end":{"line":9,"column":44}},"line":9},"1":{"name":"(anonymous_1)","decl":{"start":{"line":22,"column":26},"end":{"line":22,"column":27}},"loc":{"start":{"line":22,"column":45},"end":{"line":22,"column":80}},"line":22}},"branchMap":{},"s":{"0":1,"1":0,"2":0},"f":{"0":0,"1":0},"b":{},"meta":{"lastBranch":0,"lastFunction":2,"lastStatement":3,"seen":{"s:1:24:25:Infinity":0,"f:9:16:9:17":0,"s:9:27:9:44":1,"f:22:26:22:27":1,"s:22:45:22:80":2}}}
,"C:\\Users\\nhatk\\OneDrive\\Máy tính\\project\\Threddit\\src\\constant\\text\\source\\vi\\post\\search.text.js": {"path":"C:\\Users\\nhatk\\OneDrive\\Máy tính\\project\\Threddit\\src\\constant\\text\\source\\vi\\post\\search.text.js","statementMap":{"0":{"start":{"line":1,"column":26},"end":{"line":41,"column":null}},"1":{"start":{"line":11,"column":31},"end":{"line":11,"column":65}},"2":{"start":{"line":16,"column":6},"end":{"line":16,"column":null}},"3":{"start":{"line":19,"column":6},"end":{"line":19,"column":null}},"4":{"start":{"line":28,"column":6},"end":{"line":28,"column":null}},"5":{"start":{"line":31,"column":6},"end":{"line":31,"column":null}},"6":{"start":{"line":33,"column":34},"end":{"line":33,"column":81}}},"fnMap":{"0":{"name":"(anonymous_0)","decl":{"start":{"line":11,"column":20},"end":{"line":11,"column":21}},"loc":{"start":{"line":11,"column":31},"end":{"line":11,"column":65}},"line":11},"1":{"name":"(anonymous_1)","decl":{"start":{"line":15,"column":24},"end":{"line":15,"column":25}},"loc":{"start":{"line":16,"column":6},"end":{"line":16,"column":null}},"line":16},"2":{"name":"(anonymous_2)","decl":{"start":{"line":18,"column":28},"end":{"line":18,"column":29}},"loc":{"start":{"line":19,"column":6},"end":{"line":19,"column":null}},"line":19},"3":{"name":"(anonymous_3)","decl":{"start":{"line":27,"column":21},"end":{"line":27,"column":22}},"loc":{"start":{"line":28,"column":6},"end":{"line":28,"column":null}},"line":28},"4":{"name":"(anonymous_4)","decl":{"start":{"line":30,"column":19},"end":{"line":30,"column":20}},"loc":{"start":{"line":31,"column":6},"end":{"line":31,"column":null}},"line":31},"5":{"name":"(anonymous_5)","decl":{"start":{"line":33,"column":23},"end":{"line":33,"column":24}},"loc":{"start":{"line":33,"column":34},"end":{"line":33,"column":81}},"line":33}},"branchMap":{},"s":{"0":1,"1":0,"2":0,"3":0,"4":0,"5":0,"6":0},"f":{"0":0,"1":0,"2":0,"3":0,"4":0,"5":0},"b":{},"meta":{"lastBranch":0,"lastFunction":6,"lastStatement":7,"seen":{"s:1:26:41:Infinity":0,"f:11:20:11:21":0,"s:11:31:11:65":1,"f:15:24:15:25":1,"s:16:6:16:Infinity":2,"f:18:28:18:29":2,"s:19:6:19:Infinity":3,"f:27:21:27:22":3,"s:28:6:28:Infinity":4,"f:30:19:30:20":4,"s:31:6:31:Infinity":5,"f:33:23:33:24":5,"s:33:34:33:81":6}}}
,"C:\\Users\\nhatk\\OneDrive\\Máy tính\\project\\Threddit\\src\\constant\\text\\vi\\error.text.js": {"path":"C:\\Users\\nhatk\\OneDrive\\Máy tính\\project\\Threddit\\src\\constant\\text\\vi\\error.text.js","statementMap":{"0":{"start":{"line":3,"column":24},"end":{"line":3,"column":74}}},"fnMap":{},"branchMap":{},"s":{"0":1},"f":{},"b":{},"meta":{"lastBranch":0,"lastFunction":0,"lastStatement":1,"seen":{"s:3:24:3:74":0}}}
,"C:\\Users\\nhatk\\OneDrive\\Máy tính\\project\\Threddit\\src\\features\\post\\services\\post.service.js": {"path":"C:\\Users\\nhatk\\OneDrive\\Máy tính\\project\\Threddit\\src\\features\\post\\services\\post.service.js","statementMap":{"0":{"start":{"line":7,"column":18},"end":{"line":8,"column":58}},"1":{"start":{"line":8,"column":2},"end":{"line":8,"column":58}},"2":{"start":{"line":10,"column":27},"end":{"line":18,"column":1}},"3":{"start":{"line":11,"column":2},"end":{"line":13,"column":null}},"4":{"start":{"line":12,"column":4},"end":{"line":12,"column":null}},"5":{"start":{"line":12,"column":36},"end":{"line":12,"column":null}},"6":{"start":{"line":15,"column":2},"end":{"line":15,"column":null}},"7":{"start":{"line":15,"column":27},"end":{"line":15,"column":null}},"8":{"start":{"line":17,"column":2},"end":{"line":17,"column":null}},"9":{"start":{"line":20,"column":28},"end":{"line":25,"column":6}},"10":{"start":{"line":21,"column":2},"end":{"line":25,"column":6}},"11":{"start":{"line":27,"column":29},"end":{"line":36,"column":1}},"12":{"start":{"line":28,"column":2},"end":{"line":28,"column":null}},"13":{"start":{"line":28,"column":26},"end":{"line":28,"column":null}},"14":{"start":{"line":30,"column":2},"end":{"line":30,"column":null}},"15":{"start":{"line":30,"column":42},"end":{"line":30,"column":null}},"16":{"start":{"line":31,"column":2},"end":{"line":33,"column":null}},"17":{"start":{"line":32,"column":4},"end":{"line":32,"column":null}},"18":{"start":{"line":35,"column":2},"end":{"line":35,"column":null}},"19":{"start":{"line":38,"column":30},"end":{"line":48,"column":1}},"20":{"start":{"line":39,"column":16},"end":{"line":39,"column":46}},"21":{"start":{"line":40,"column":17},"end":{"line":40,"column":42}},"22":{"start":{"line":41,"column":18},"end":{"line":41,"column":59}},"23":{"start":{"line":43,"column":2},"end":{"line":47,"column":null}},"24":{"start":{"line":50,"column":35},"end":{"line":81,"column":1}},"25":{"start":{"line":51,"column":2},"end":{"line":80,"column":null}},"26":{"start":{"line":53,"column":24},"end":{"line":53,"column":74}},"27":{"start":{"line":56,"column":21},"end":{"line":58,"column":12}},"28":{"start":{"line":61,"column":20},"end":{"line":61,"column":27}},"29":{"start":{"line":62,"column":4},"end":{"line":69,"column":null}},"30":{"start":{"line":63,"column":6},"end":{"line":63,"column":null}},"31":{"start":{"line":65,"column":22},"end":{"line":65,"column":79}},"32":{"start":{"line":66,"column":6},"end":{"line":68,"column":null}},"33":{"start":{"line":67,"column":8},"end":{"line":67,"column":null}},"34":{"start":{"line":72,"column":4},"end":{"line":79,"column":null}},"35":{"start":{"line":83,"column":27},"end":{"line":304,"column":1}},"36":{"start":{"line":85,"column":3},"end":{"line":85,"column":73}},"37":{"start":{"line":85,"column":24},"end":{"line":85,"column":72}},"38":{"start":{"line":88,"column":3},"end":{"line":88,"column":64}},"39":{"start":{"line":88,"column":24},"end":{"line":88,"column":63}},"40":{"start":{"line":92,"column":22},"end":{"line":94,"column":5}},"41":{"start":{"line":93,"column":16},"end":{"line":93,"column":26}},"42":{"start":{"line":97,"column":26},"end":{"line":97,"column":30}},"43":{"start":{"line":98,"column":4},"end":{"line":109,"column":null}},"44":{"start":{"line":100,"column":8},"end":{"line":100,"column":66}},"45":{"start":{"line":101,"column":6},"end":{"line":107,"column":null}},"46":{"start":{"line":102,"column":8},"end":{"line":106,"column":null}},"47":{"start":{"line":108,"column":6},"end":{"line":108,"column":null}},"48":{"start":{"line":119,"column":20},"end":{"line":126,"column":5}},"49":{"start":{"line":129,"column":25},"end":{"line":129,"column":79}},"50":{"start":{"line":129,"column":51},"end":{"line":129,"column":78}},"51":{"start":{"line":131,"column":4},"end":{"line":137,"column":null}},"52":{"start":{"line":132,"column":6},"end":{"line":136,"column":null}},"53":{"start":{"line":139,"column":4},"end":{"line":139,"column":null}},"54":{"start":{"line":142,"column":25},"end":{"line":142,"column":67}},"55":{"start":{"line":142,"column":46},"end":{"line":142,"column":66}},"56":{"start":{"line":144,"column":27},"end":{"line":144,"column":71}},"57":{"start":{"line":144,"column":48},"end":{"line":144,"column":70}},"58":{"start":{"line":147,"column":3},"end":{"line":147,"column":58}},"59":{"start":{"line":147,"column":24},"end":{"line":147,"column":57}},"60":{"start":{"line":149,"column":28},"end":{"line":149,"column":76}},"61":{"start":{"line":149,"column":49},"end":{"line":149,"column":75}},"62":{"start":{"line":151,"column":27},"end":{"line":151,"column":71}},"63":{"start":{"line":151,"column":48},"end":{"line":151,"column":70}},"64":{"start":{"line":153,"column":29},"end":{"line":153,"column":75}},"65":{"start":{"line":153,"column":50},"end":{"line":153,"column":74}},"66":{"start":{"line":156,"column":4},"end":{"line":156,"column":null}},"67":{"start":{"line":157,"column":22},"end":{"line":157,"column":61}},"68":{"start":{"line":158,"column":30},"end":{"line":160,"column":34}},"69":{"start":{"line":160,"column":23},"end":{"line":160,"column":33}},"70":{"start":{"line":161,"column":26},"end":{"line":161,"column":30}},"71":{"start":{"line":162,"column":29},"end":{"line":162,"column":31}},"72":{"start":{"line":163,"column":4},"end":{"line":180,"column":null}},"73":{"start":{"line":165,"column":8},"end":{"line":168,"column":9}},"74":{"start":{"line":170,"column":6},"end":{"line":176,"column":null}},"75":{"start":{"line":171,"column":8},"end":{"line":175,"column":null}},"76":{"start":{"line":178,"column":6},"end":{"line":179,"column":null}},"77":{"start":{"line":182,"column":43},"end":{"line":188,"column":6}},"78":{"start":{"line":190,"column":4},"end":{"line":195,"column":null}},"79":{"start":{"line":191,"column":6},"end":{"line":195,"column":null}},"80":{"start":{"line":197,"column":19},"end":{"line":199,"column":5}},"81":{"start":{"line":198,"column":6},"end":{"line":198,"column":45}},"82":{"start":{"line":201,"column":4},"end":{"line":205,"column":null}},"83":{"start":{"line":201,"column":25},"end":{"line":205,"column":null}},"84":{"start":{"line":207,"column":24},"end":{"line":212,"column":null}},"85":{"start":{"line":214,"column":4},"end":{"line":218,"column":null}},"86":{"start":{"line":221,"column":27},"end":{"line":221,"column":74}},"87":{"start":{"line":221,"column":48},"end":{"line":221,"column":73}},"88":{"start":{"line":224,"column":3},"end":{"line":224,"column":58}},"89":{"start":{"line":224,"column":24},"end":{"line":224,"column":57}},"90":{"start":{"line":226,"column":28},"end":{"line":226,"column":73}},"91":{"start":{"line":226,"column":49},"end":{"line":226,"column":72}},"92":{"start":{"line":228,"column":28},"end":{"line":228,"column":73}},"93":{"start":{"line":228,"column":49},"end":{"line":228,"column":72}},"94":{"start":{"line":231,"column":32},"end":{"line":231,"column":70}},"95":{"start":{"line":232,"column":30},"end":{"line":232,"column":66}},"96":{"start":{"line":234,"column":40},"end":{"line":253,"column":6}},"97":{"start":{"line":237,"column":12},"end":{"line":237,"column":63}},"98":{"start":{"line":246,"column":12},"end":{"line":246,"column":67}},"99":{"start":{"line":255,"column":4},"end":{"line":266,"column":null}},"100":{"start":{"line":256,"column":6},"end":{"line":265,"column":null}},"101":{"start":{"line":268,"column":26},"end":{"line":276,"column":74}},"102":{"start":{"line":277,"column":23},"end":{"line":285,"column":74}},"103":{"start":{"line":287,"column":4},"end":{"line":302,"column":null}}},"fnMap":{"0":{"name":"(anonymous_0)","decl":{"start":{"line":7,"column":18},"end":{"line":7,"column":19}},"loc":{"start":{"line":8,"column":2},"end":{"line":8,"column":58}},"line":8},"1":{"name":"(anonymous_1)","decl":{"start":{"line":10,"column":27},"end":{"line":10,"column":28}},"loc":{"start":{"line":10,"column":48},"end":{"line":18,"column":1}},"line":10},"2":{"name":"(anonymous_2)","decl":{"start":{"line":20,"column":28},"end":{"line":20,"column":29}},"loc":{"start":{"line":21,"column":2},"end":{"line":25,"column":6}},"line":21},"3":{"name":"(anonymous_3)","decl":{"start":{"line":27,"column":29},"end":{"line":27,"column":30}},"loc":{"start":{"line":27,"column":66},"end":{"line":36,"column":1}},"line":27},"4":{"name":"(anonymous_4)","decl":{"start":{"line":38,"column":30},"end":{"line":38,"column":31}},"loc":{"start":{"line":38,"column":51},"end":{"line":48,"column":1}},"line":38},"5":{"name":"(anonymous_5)","decl":{"start":{"line":50,"column":35},"end":{"line":50,"column":36}},"loc":{"start":{"line":50,"column":51},"end":{"line":81,"column":1}},"line":50},"6":{"name":"(anonymous_6)","decl":{"start":{"line":51,"column":65},"end":{"line":51,"column":66}},"loc":{"start":{"line":51,"column":82},"end":{"line":80,"column":3}},"line":51},"7":{"name":"(anonymous_7)","decl":{"start":{"line":84,"column":18},"end":{"line":84,"column":23}},"loc":{"start":{"line":85,"column":3},"end":{"line":85,"column":73}},"line":85},"8":{"name":"(anonymous_8)","decl":{"start":{"line":85,"column":18},"end":{"line":85,"column":19}},"loc":{"start":{"line":85,"column":24},"end":{"line":85,"column":72}},"line":85},"9":{"name":"(anonymous_9)","decl":{"start":{"line":87,"column":19},"end":{"line":87,"column":24}},"loc":{"start":{"line":88,"column":3},"end":{"line":88,"column":64}},"line":88},"10":{"name":"(anonymous_10)","decl":{"start":{"line":88,"column":18},"end":{"line":88,"column":19}},"loc":{"start":{"line":88,"column":24},"end":{"line":88,"column":63}},"line":88},"11":{"name":"(anonymous_11)","decl":{"start":{"line":90,"column":14},"end":{"line":90,"column":19}},"loc":{"start":{"line":90,"column":30},"end":{"line":140,"column":3}},"line":90},"12":{"name":"(anonymous_12)","decl":{"start":{"line":93,"column":6},"end":{"line":93,"column":7}},"loc":{"start":{"line":93,"column":16},"end":{"line":93,"column":26}},"line":93},"13":{"name":"(anonymous_13)","decl":{"start":{"line":129,"column":45},"end":{"line":129,"column":46}},"loc":{"start":{"line":129,"column":51},"end":{"line":129,"column":78}},"line":129},"14":{"name":"(anonymous_14)","decl":{"start":{"line":142,"column":12},"end":{"line":142,"column":17}},"loc":{"start":{"line":142,"column":25},"end":{"line":142,"column":67}},"line":142},"15":{"name":"(anonymous_15)","decl":{"start":{"line":142,"column":40},"end":{"line":142,"column":41}},"loc":{"start":{"line":142,"column":46},"end":{"line":142,"column":66}},"line":142},"16":{"name":"(anonymous_16)","decl":{"start":{"line":144,"column":14},"end":{"line":144,"column":19}},"loc":{"start":{"line":144,"column":27},"end":{"line":144,"column":71}},"line":144},"17":{"name":"(anonymous_17)","decl":{"start":{"line":144,"column":42},"end":{"line":144,"column":43}},"loc":{"start":{"line":144,"column":48},"end":{"line":144,"column":70}},"line":144},"18":{"name":"(anonymous_18)","decl":{"start":{"line":146,"column":13},"end":{"line":146,"column":18}},"loc":{"start":{"line":147,"column":3},"end":{"line":147,"column":58}},"line":147},"19":{"name":"(anonymous_19)","decl":{"start":{"line":147,"column":18},"end":{"line":147,"column":19}},"loc":{"start":{"line":147,"column":24},"end":{"line":147,"column":57}},"line":147},"20":{"name":"(anonymous_20)","decl":{"start":{"line":149,"column":15},"end":{"line":149,"column":20}},"loc":{"start":{"line":149,"column":28},"end":{"line":149,"column":76}},"line":149},"21":{"name":"(anonymous_21)","decl":{"start":{"line":149,"column":43},"end":{"line":149,"column":44}},"loc":{"start":{"line":149,"column":49},"end":{"line":149,"column":75}},"line":149},"22":{"name":"(anonymous_22)","decl":{"start":{"line":151,"column":14},"end":{"line":151,"column":19}},"loc":{"start":{"line":151,"column":27},"end":{"line":151,"column":71}},"line":151},"23":{"name":"(anonymous_23)","decl":{"start":{"line":151,"column":42},"end":{"line":151,"column":43}},"loc":{"start":{"line":151,"column":48},"end":{"line":151,"column":70}},"line":151},"24":{"name":"(anonymous_24)","decl":{"start":{"line":153,"column":16},"end":{"line":153,"column":21}},"loc":{"start":{"line":153,"column":29},"end":{"line":153,"column":75}},"line":153},"25":{"name":"(anonymous_25)","decl":{"start":{"line":153,"column":44},"end":{"line":153,"column":45}},"loc":{"start":{"line":153,"column":50},"end":{"line":153,"column":74}},"line":153},"26":{"name":"(anonymous_26)","decl":{"start":{"line":155,"column":12},"end":{"line":155,"column":17}},"loc":{"start":{"line":155,"column":39},"end":{"line":219,"column":3}},"line":155},"27":{"name":"(anonymous_27)","decl":{"start":{"line":160,"column":13},"end":{"line":160,"column":14}},"loc":{"start":{"line":160,"column":23},"end":{"line":160,"column":33}},"line":160},"28":{"name":"(anonymous_28)","decl":{"start":{"line":197,"column":39},"end":{"line":197,"column":40}},"loc":{"start":{"line":198,"column":6},"end":{"line":198,"column":45}},"line":198},"29":{"name":"(anonymous_29)","decl":{"start":{"line":221,"column":14},"end":{"line":221,"column":19}},"loc":{"start":{"line":221,"column":27},"end":{"line":221,"column":74}},"line":221},"30":{"name":"(anonymous_30)","decl":{"start":{"line":221,"column":42},"end":{"line":221,"column":43}},"loc":{"start":{"line":
[...]
":6},"end":{"line":68,"column":null}},{"start":{},"end":{}}],"line":66},"20":{"loc":{"start":{"line":66,"column":10},"end":{"line":66,"column":62}},"type":"binary-expr","locations":[{"start":{"line":66,"column":10},"end":{"line":66,"column":37}},{"start":{"line":66,"column":41},"end":{"line":66,"column":62}}],"line":66},"21":{"loc":{"start":{"line":67,"column":20},"end":{"line":67,"column":52}},"type":"binary-expr","locations":[{"start":{"line":67,"column":20},"end":{"line":67,"column":41}},{"start":{"line":67,"column":45},"end":{"line":67,"column":52}}],"line":67},"22":{"loc":{"start":{"line":74,"column":12},"end":{"line":74,"column":30}},"type":"binary-expr","locations":[{"start":{"line":74,"column":12},"end":{"line":74,"column":22}},{"start":{"line":74,"column":26},"end":{"line":74,"column":30}}],"line":74},"23":{"loc":{"start":{"line":76,"column":17},"end":{"line":76,"column":78}},"type":"cond-expr","locations":[{"start":{"line":76,"column":52},"end":{"line":76,"column":66}},{"start":{"line":76,"column":69},"end":{"line":76,"column":78}}],"line":76},"24":{"loc":{"start":{"line":92,"column":23},"end":{"line":92,"column":67}},"type":"cond-expr","locations":[{"start":{"line":92,"column":52},"end":{"line":92,"column":62}},{"start":{"line":92,"column":65},"end":{"line":92,"column":67}}],"line":92},"25":{"loc":{"start":{"line":98,"column":4},"end":{"line":109,"column":null}},"type":"if","locations":[{"start":{"line":98,"column":4},"end":{"line":109,"column":null}},{"start":{},"end":{}}],"line":98},"26":{"loc":{"start":{"line":101,"column":6},"end":{"line":107,"column":null}},"type":"if","locations":[{"start":{"line":101,"column":6},"end":{"line":107,"column":null}},{"start":{},"end":{}}],"line":101},"27":{"loc":{"start":{"line":120,"column":22},"end":{"line":122,"column":12}},"type":"cond-expr","locations":[{"start":{"line":121,"column":10},"end":{"line":121,"column":null}},{"start":{"line":122,"column":10},"end":{"line":122,"column":12}}],"line":120},"28":{"loc":{"start":{"line":124,"column":12},"end":{"line":124,"column":28}},"type":"binary-expr","locations":[{"start":{"line":124,"column":12},"end":{"line":124,"column":22}},{"start":{"line":124,"column":26},"end":{"line":124,"column":28}}],"line":124},"29":{"loc":{"start":{"line":125,"column":10},"end":{"line":125,"column":52}},"type":"cond-expr","locations":[{"start":{"line":125,"column":28},"end":{"line":125,"column":47}},{"start":{"line":125,"column":50},"end":{"line":125,"column":52}}],"line":125},"30":{"loc":{"start":{"line":131,"column":4},"end":{"line":137,"column":null}},"type":"if","locations":[{"start":{"line":131,"column":4},"end":{"line":137,"column":null}},{"start":{},"end":{}}],"line":131},"31":{"loc":{"start":{"line":134,"column":17},"end":{"line":134,"column":67}},"type":"binary-expr","locations":[{"start":{"line":134,"column":17},"end":{"line":134,"column":38}},{"start":{"line":134,"column":42},"end":{"line":134,"column":67}}],"line":134},"32":{"loc":{"start":{"line":159,"column":6},"end":{"line":159,"column":null}},"type":"cond-expr","locations":[{"start":{"line":159,"column":33},"end":{"line":159,"column":42}},{"start":{"line":159,"column":45},"end":{"line":159,"column":null}}],"line":159},"33":{"loc":{"start":{"line":163,"column":4},"end":{"line":180,"column":null}},"type":"if","locations":[{"start":{"line":163,"column":4},"end":{"line":180,"column":null}},{"start":{},"end":{}}],"line":163},"34":{"loc":{"start":{"line":170,"column":6},"end":{"line":176,"column":null}},"type":"if","locations":[{"start":{"line":170,"column":6},"end":{"line":176,"column":null}},{"start":{},"end":{}}],"line":170},"35":{"loc":{"start":{"line":173,"column":19},"end":{"line":173,"column":70}},"type":"binary-expr","locations":[{"start":{"line":173,"column":19},"end":{"line":173,"column":40}},{"start":{"line":173,"column":44},"end":{"line":173,"column":70}}],"line":173},"36":{"loc":{"start":{"line":190,"column":4},"end":{"line":195,"column":null}},"type":"if","locations":[{"start":{"line":190,"column":4},"end":{"line":195,"column":null}},{"start":{},"end":{}}],"line":190},"37":{"loc":{"start":{"line":201,"column":4},"end":{"line":205,"column":null}},"type":"if","locations":[{"start":{"line":201,"column":4},"end":{"line":205,"column":null}},{"start":{},"end":{}}],"line":201},"38":{"loc":{"start":{"line":203,"column":14},"end":{"line":203,"column":63}},"type":"binary-expr","locations":[{"start":{"line":203,"column":14},"end":{"line":203,"column":29}},{"start":{"line":203,"column":33},"end":{"line":203,"column":63}}],"line":203},"39":{"loc":{"start":{"line":216,"column":15},"end":{"line":216,"column":56}},"type":"binary-expr","locations":[{"start":{"line":216,"column":15},"end":{"line":216,"column":30}},{"start":{"line":216,"column":34},"end":{"line":216,"column":56}}],"line":216},"40":{"loc":{"start":{"line":230,"column":30},"end":{"line":230,"column":41}},"type":"default-arg","locations":[{"start":{"line":230,"column":39},"end":{"line":230,"column":41}}],"line":230},"41":{"loc":{"start":{"line":230,"column":43},"end":{"line":230,"column":56}},"type":"default-arg","locations":[{"start":{"line":230,"column":51},"end":{"line":230,"column":56}}],"line":230},"42":{"loc":{"start":{"line":231,"column":32},"end":{"line":231,"column":70}},"type":"binary-expr","locations":[{"start":{"line":231,"column":32},"end":{"line":231,"column":47}},{"start":{"line":231,"column":51},"end":{"line":231,"column":70}}],"line":231},"43":{"loc":{"start":{"line":232,"column":30},"end":{"line":232,"column":66}},"type":"binary-expr","locations":[{"start":{"line":232,"column":30},"end":{"line":232,"column":45}},{"start":{"line":232,"column":49},"end":{"line":232,"column":66}}],"line":232},"44":{"loc":{"start":{"line":235,"column":6},"end":{"line":243,"column":12}},"type":"cond-expr","locations":[{"start":{"line":236,"column":9},"end":{"line":238,"column":null}},{"start":{"line":239,"column":10},"end":{"line":243,"column":12}}],"line":235},"45":{"loc":{"start":{"line":244,"column":6},"end":{"line":252,"column":12}},"type":"cond-expr","locations":[{"start":{"line":245,"column":9},"end":{"line":247,"column":null}},{"start":{"line":248,"column":10},"end":{"line":252,"column":12}}],"line":244},"46":{"loc":{"start":{"line":255,"column":4},"end":{"line":266,"column":null}},"type":"if","locations":[{"start":{"line":255,"column":4},"end":{"line":266,"column":null}},{"start":{},"end":{}}],"line":255},"47":{"loc":{"start":{"line":255,"column":8},"end":{"line":255,"column":53}},"type":"binary-expr","locations":[{"start":{"line":255,"column":8},"end":{"line":255,"column":30}},{"start":{"line":255,"column":34},"end":{"line":255,"column":53}}],"line":255},"48":{"loc":{"start":{"line":259,"column":10},"end":{"line":264,"column":42}},"type":"binary-expr","locations":[{"start":{"line":259,"column":10},"end":{"line":264,"column":23}},{"start":{"line":264,"column":27},"end":{"line":264,"column":42}}],"line":259},"49":{"loc":{"start":{"line":260,"column":12},"end":{"line":260,"column":64}},"type":"cond-expr","locations":[{"start":{"line":260,"column":36},"end":{"line":260,"column":40}},{"start":{"line":260,"column":43},"end":{"line":260,"column":64}}],"line":260},"50":{"loc":{"start":{"line":261,"column":12},"end":{"line":261,"column":58}},"type":"cond-expr","locations":[{"start":{"line":261,"column":33},"end":{"line":261,"column":37}},{"start":{"line":261,"column":40},"end":{"line":261,"column":58}}],"line":261},"51":{"loc":{"start":{"line":268,"column":26},"end":{"line":276,"column":74}},"type":"cond-expr","locations":[{"start":{"line":269,"column":8},"end":{"line":275,"column":null}},{"start":{"line":276,"column":8},"end":{"line":276,"column":74}}],"line":268},"52":{"loc":{"start":{"line":276,"column":29},"end":{"line":276,"column":52}},"type":"binary-expr","locations":[{"start":{"line":276,"column":29},"end":{"line":276,"column":44}},{"start":{"line":276,"column":48},"end":{"line":276,"column":52}}],"line":276},"53":{"loc":{"start":{"line":277,"column":23},"end":{"line":285,"column":74}},"type":"cond-expr","locations":[{"start":{"line":278,"column":8},"end":{"line":284,"column":null}},{"start":{"line":285,"column":8},"end":{"line":285,"column":74}}],"line":277},"54":{"loc":{"start":{"line":285,"column":29},"end":{"line":285,"column":52}},"type":"binary-expr","locations":[{"start":{"line":285,"column":29},"end":{"line":285,"column":44}},{"start":{"line":285,"column":48},"end":{"line":285,"column":52}}],"line":285}},"s":{"0":1,"1":0,"2":1,"3":0,"4":0,"5":0,"6":0,"7":0,"8":0,"9":1,"10":0,"11":1,"12":0,"13":0,"14":0,"15":0,"16":0,"17":0,"18":0,"19":1,"20":0,"21":0,"22":0,"23":0,"24":1,"25":0,"26":0,"27":0,"28":0,"29":0,"30":0,"31":0,"32":0,"33":0,"34":0,"35":1,"36":0,"37":0,"38":0,"39":0,"40":1,"41":2,"42":1,"43":1,"44":1,"45":1,"46":0,"47":1,"48":1,"49":1,"50":1,"51":1,"52":0,"53":1,"54":0,"55":0,"56":0,"57":0,"58":0,"59":0,"60":0,"61":0,"62":0,"63":0,"64":0,"65":0,"66":0,"67":0,"68":0,"69":0,"70":0,"71":0,"72":0,"73":0,"74":0,"75":0,"76":0,"77":0,"78":0,"79":0,"80":0,"81":0,"82":0,"83":0,"84":0,"85":0,"86":0,"87":0,"88":0,"89":0,"90":0,"91":0,"92":0,"93":0,"94":0,"95":0,"96":0,"97":0,"98":0,"99":0,"100":0,"101":0,"102":0,"103":0},"f":{"0":0,"1":0,"2":0,"3":0,"4":0,"5":0,"6":0,"7":0,"8":0,"9":0,"10":0,"11":1,"12":2,"13":1,"14":0,"15":0,"16":0,"17":0,"18":0,"19":0,"20":0,"21":0,"22":0,"23":0,"24":0,"25":0,"26":0,"27":0,"28":0,"29":0,"30":0,"31":0,"32":0,"33":0,"34":0,"35":0,"36":0,"37":0,"38":0,"39":0},"b":{"0":[0,0,0],"1":[0],"2":[0,0],"3":[0,0],"4":[0,0,0,0,0],"5":[0],"6":[0],"7":[0,0],"8":[0,0],"9":[0,0],"10":[0],"11":[0],"12":[0,0],"13":[0,0,0,0],"14":[0,0],"15":[0,0,0],"16":[0,0],"17":[0,0],"18":[0,0,0,0],"19":[0,0],"20":[0,0],"21":[0,0],"22":[0,0],"23":[0,0],"24":[1,0],"25":[1,0],"26":[0,1],"27":[0,1],"28":[1,0],"29":[1,0],"30":[0,1],"31":[0,0],"32":[0,0],"33":[0,0],"34":[0,0],"35":[0,0],"36":[0,0],"37":[0,0],"38":[0,0],"39":[0,0],"40":[0],"41":[0],"42":[0,0],"43":[0,0],"44":[0,0],"45":[0,0],"46":[0,0],"47":[0,0],"48":[0,0],"49":[0,0],"50":[0,0],"51":[0,0],"52":[0,0],"53":[0,0],"54":[0,0]},"meta":{"lastBranch":55,"lastFunction":40,"lastStatement":104,"seen":{"s:7:18:8:58":0,"f:7:18:7:19":0,"s:8:2:8:58":1,"b:8:2:8:17:8:21:8:41:8:45:8:58":0,"s:10:27:18:1":2,"f:10:27:10:28":1,"b:10:41:10:43":1,"s:11:2:13:Infinity":3,"b:12:4:12:Infinity:undefined:undefined:undefined:undefined":2,"s:12:4:12:Infinity":4,"s:12:36:12:Infinity":5,"b:15:2:15:Infinity:undefined:undefined:undefined:undefined":3,"s:15:2:15:Infinity":6,"s:15:27:15:Infinity":7,"s:17:2:17:Infinity":8,"s:20:28:25:6":9,"f:20:28:20:29":2,"s:21:2:25:6":10,"b:21:2:21:14:22:2:22:18:23:2:23:26:24:2:24:30:25:2:25:6":4,"s:27:29:36:1":11,"f:27:29:27:30":3,"b:27:44:27:46":5,"b:27:57:27:61":6,"b:28:2:28:Infinity:undefined:undefined:undefined:undefined":7,"s:28:2:28:Infinity":12,"s:28:26:28:Infinity":13,"b:30:2:30:Infinity:undefined:undefined:undefined:undefined":8,"s:30:2:30:Infinity":14,"s:30:42:30:Infinity":15,"b:31:2:33:Infinity:undefined:undefined:undefined:undefined":9,"s:31:2:33:Infinity":16,"s:32:4:32:Infinity":17,"s:35:2:35:Infinity":18,"s:38:30:48:1":19,"f:38:30:38:31":4,"b:38:44:38:46":10,"s:39:16:39:46":20,"s:40:17:40:42":21,"s:41:18:41:59":22,"s:43:2:47:Infinity":23,"s:50:35:81:1":24,"f:50:35:50:36":5,"b:50:44:50:46":11,"s:51:2:80:Infinity":25,"b:51:33:51:38:51:41:51:43":12,"f:51:65:51:66":6,"s:53:24:53:74":26,"b:53:24:53:33:53:37:53:53:53:57:53:66:53:70:53:74":13,"s:56:21:58:12":27,"b:57:8:57:Infinity:58:8:58:12":14,"b:56:22:56:33:56:37:56:68:56:72:56:103":15,"s:61:20:61:27":28,"b:62:4:69:Infinity:64:11:69:Infinity":16,"s:62:4:69:Infinity":29,"b:62:8:62:38:62:42:62:66":17,"s:63:6:63:Infinity":30,"s:65:22:65:79":31,"b:65:22:65:39:65:43:65:59:65:63:65:73:65:77:65:79":18,"b:66:6:68:Infinity:undefined:undefined:undefined:undefined":19,"s:66:6:68:Infinity":32,"b:66:10:66:37:66:41:66:62":20,"s:67:8:67:Infinity":33,"b:67:20:67:41:67:45:67:52":21,"s:72:4:79:Infinity":34,"b:74:12:74:22:74:26:74:30":22,"b:76:52:76:66:76:69:76:78":23,"s:83:27:304:1":35,"f:84:18:84:23":7,"s:85:3:85:73":36,"f:85:18:85:19":8,"s:85:24:85:72":37,"f:87:19:87:24":9,"s:88:3:88:64":38,"f:88:18:88:19":10,"s:88:24:88:63":39,"f:90:14:90:19":11,"s:92:22:94:5":40,"b:92:52:92:62:92:65:92:67":24,"f:93:6:93:7":12,"s:93:16:93:26":41,"s:97:26:97:30":42,"b:98:4:109:Infinity:undefined:undefined:undefined:undefined":25,"s:98:4:109:Infinity":43,"s:100:8:100:66":44,"b:101:6:107:Infinity:undefined:undefined:undefined:undefined":26,"s:101:6:107:Infinity":45,"s:102:8:106:Infinity":46,"s:108:6:108:Infinity":47,"s:119:20:126:5":48,"b:121:10:121:Infinity:122:10:122:12":27,"b:124:12:124:22:124:26:124:28":28,"b:125:28:125:47:125:50:125:52":29,"s:129:25:129:79":49,"f:129:45:129:46":13,"s:129:51:129:78":50,"b:131:4:137:Infinity:undefined:undefined:undefined:undefined":30,"s:131:4:137:Infinity":51,"s:132:6:136:Infinity":52,"b:134:17:134:38:134:42:134:67":31,"s:139:4:139:Infinity":53,"f:142:12:142:17":14,"s:142:25:142:67":54,"f:142:40:142:41":15,"s:142:46:142:66":55,"f:144:14:144:19":16,"s:144:27:144:71":56,"f:144:42:144:43":17,"s:144:48:144:70":57,"f:146:13:146:18":18,"s:147:3:147:58":58,"f:147:18:147:19":19,"s:147:24:147:57":59,"f:149:15:149:20":20,"s:149:28:149:76":60,"f:149:43:149:44":21,"s:149:49:149:75":61,"f:151:14:151:19":22,"s:151:27:151:71":62,"f:151:42:151:43":23,"s:151:48:151:70":63,"f:153:16:153:21":24,"s:153:29:153:75":64,"f:153:44:153:45":25,"s:153:50:153:74":65,"f:155:12:155:17":26,"s:156:4:156:Infinity":66,"s:157:22:157:61":67,"s:158:30:160:34":68,"b:159:33:159:42:159:45:159:Infinity":32,"f:160:13:160:14":27,"s:160:23:160:33":69,"s:161:26:161:30":70,"s:162:29:162:31":71,"b:163:4:180:Infinity:undefined:undefined:undefined:undefined":33,"s:163:4:180:Infinity":72,"s:165:8:168:9":73,"b:170:6:176:Infinity:undefined:undefined:undefined:undefined":34,"s:170:6:176:Infinity":74,"s:171:8:175:Infinity":75,"b:173:19:173:40:173:44:173:70":35,"s:178:6:179:Infinity":76,"s:182:43:188:6":77,"b:190:4:195:Infinity:undefined:undefined:undefined:undefined":36,"s:190:4:195:Infinity":78,"s:191:6:195:Infinity":79,"s:197:19:199:5":80,"f:197:39:197:40":28,"s:198:6:198:45":81,"b:201:4:205:Infinity:undefined:undefined:undefined:undefined":37,"s:201:4:205:Infinity":82,"s:201:25:205:Infinity":83,"b:203:14:203:29:203:33:203:63":38,"s:207:24:212:Infinity":84,"s:214:4:218:Infinity":85,"b:216:15:216:30:216:34:216:56":39,"f:221:14:221:19":29,"s:221:27:221:74":86,"f:221:42:221:43":30,"s:221:48:221:73":87,"f:223:17:223:22":31,"s:224:3:224:58":88,"f:224:18:224:19":32,"s:224:24:224:57":89,"f:226:11:226:16":33,"s:226:28:226:73":90,"f:226:43:226:44":34,"s:226:49:226:72":91,"f:228:11:228:16":35,"s:228:28:228:73":92,"f:228:43:228:44":36,"s:228:49:228:72":93,"f:230:10:230:15":37,"b:230:39:230:41":40,"b:230:51:230:56":41,"s:231:32:231:70":94,"b:231:32:231:47:231:51:231:70":42,"s:232:30:232:66":95,"b:232:30:232:45:232:49:232:66":43,"s:234:40:253:6":96,"b:236:9:238:Infinity:239:10:243:12":44,"f:236:24:236:25":38,"s:237:12:237:63":97,"b:245:9:247:Infinity:248:10:252:12":45,"f:245:24:245:25":39,"s:246:12:246:67":98,"b:255:4:266:Infinity:undefined:undefined:undefined:undefined":46,"s:255:4:266:Infinity":99,"b:255:8:255:30:255:34:255:53":47,"s:256:6:265:Infinity":100,"b:259:10:264:23:264:27:264:42":48,"b:260:36:260:40:260:43:260:64":49,"b:261:33:261:37:261:40:261:58":50,"s:268:26:276:74":101,"b:269:8:275:Infinity:276:8:276:74":51,"b:276:29:276:44:276:48:276:52":52,"s:277:23:285:74":102,"b:278:8:284:Infinity:285:8:285:74":53,"b:285:29:285:44:285:48:285:52":54,"s:287:4:302:Infinity":103}}}
,"C:\\Users\\nhatk\\OneDrive\\Máy tính\\project\\Threddit\\src\\test\\createMockApiResponse.ts": {"path":"C:\\Users\\nhatk\\OneDrive\\Máy tính\\project\\Threddit\\src\\test\\createMockApiResponse.ts","statementMap":{"0":{"start":{"line":13,"column":37},"end":{"line":51,"column":null}},"1":{"start":{"line":19,"column":23},"end":{"line":22,"column":null}},"2":{"start":{"line":24,"column":51},"end":{"line":35,"column":null}},"3":{"start":{"line":37,"column":2},"end":{"line":50,"column":null}}},"fnMap":{"0":{"name":"(anonymous_0)","decl":{"start":{"line":13,"column":37},"end":{"line":13,"column":null}},"loc":{"start":{"line":18,"column":43},"end":{"line":51,"column":null}},"line":18}},"branchMap":{"0":{"loc":{"start":{"line":16,"column":2},"end":{"line":16,"column":null}},"type":"default-arg","locations":[{"start":{"line":16,"column":20},"end":{"line":16,"column":null}}],"line":16},"1":{"loc":{"start":{"line":17,"column":2},"end":{"line":17,"column":null}},"type":"default-arg","locations":[{"start":{"line":17,"column":23},"end":{"line":17,"column":null}}],"line":17},"2":{"loc":{"start":{"line":41,"column":10},"end":{"line":43,"column":null}},"type":"cond-expr","locations":[{"start":{"line":42,"column":10},"end":{"line":42,"column":null}},{"start":{"line":43,"column":10},"end":{"line":43,"column":null}}],"line":41},"3":{"loc":{"start":{"line":41,"column":10},"end":{"line":41,"column":null}},"type":"binary-expr","locations":[{"start":{"line":41,"column":10},"end":{"line":41,"column":32}},{"start":{"line":41,"column":32},"end":{"line":41,"column":null}}],"line":41},"4":{"loc":{"start":{"line":46,"column":16},"end":{"line":46,"column":null}},"type":"cond-expr","locations":[{"start":{"line":46,"column":33},"end":{"line":46,"column":40}},{"start":{"line":46,"column":40},"end":{"line":46,"column":null}}],"line":46}},"s":{"0":1,"1":1,"2":1,"3":1},"f":{"0":1},"b":{"0":[1],"1":[1],"2":[1,0],"3":[1,1],"4":[0,1]},"meta":{"lastBranch":5,"lastFunction":1,"lastStatement":4,"seen":{"s:13:37:51:Infinity":0,"f:13:37:13:Infinity":0,"b:16:20:16:Infinity":0,"b:17:23:17:Infinity":1,"s:19:23:22:Infinity":1,"s:24:51:35:Infinity":2,"s:37:2:50:Infinity":3,"b:42:10:42:Infinity:43:10:43:Infinity":2,"b:41:10:41:32:41:32:41:Infinity":3,"b:46:33:46:40:46:40:46:Infinity":4}}}
,"C:\\Users\\nhatk\\OneDrive\\Máy tính\\project\\Threddit\\src\\utils\\delaySimulator.js": {"path":"C:\\Users\\nhatk\\OneDrive\\Máy tính\\project\\Threddit\\src\\utils\\delaySimulator.js","statementMap":{"0":{"start":{"line":1,"column":21},"end":{"line":22,"column":1}},"1":{"start":{"line":2,"column":2},"end":{"line":21,"column":null}},"2":{"start":{"line":3,"column":4},"end":{"line":20,"column":null}},"3":{"start":{"line":4,"column":6},"end":{"line":19,"column":null}},"4":{"start":{"line":5,"column":8},"end":{"line":13,"column":null}},"5":{"start":{"line":15,"column":8},"end":{"line":18,"column":null}}},"fnMap":{"0":{"name":"(anonymous_0)","decl":{"start":{"line":1,"column":21},"end":{"line":1,"column":22}},"loc":{"start":{"line":1,"column":63},"end":{"line":22,"column":1}},"line":1},"1":{"name":"(anonymous_1)","decl":{"start":{"line":2,"column":21},"end":{"line":2,"column":22}},"loc":{"start":{"line":2,"column":42},"end":{"line":21,"column":3}},"line":2},"2":{"name":"(anonymous_2)","decl":{"start":{"line":3,"column":15},"end":{"line":3,"column":16}},"loc":{"start":{"line":3,"column":21},"end":{"line":20,"column":5}},"line":3}},"branchMap":{"0":{"loc":{"start":{"line":1,"column":26},"end":{"line":1,"column":44}},"type":"default-arg","locations":[{"start":{"line":1,"column":39},"end":{"line":1,"column":44}}],"line":1},"1":{"loc":{"start":{"line":1,"column":46},"end":{"line":1,"column":58}},"type":"default-arg","locations":[{"start":{"line":1,"column":55},"end":{"line":1,"column":58}}],"line":1},"2":{"loc":{"start":{"line":4,"column":6},"end":{"line":19,"column":null}},"type":"if","locations":[{"start":{"line":4,"column":6},"end":{"line":19,"column":null}},{"start":{"line":14,"column":13},"end":{"line":19,"column":null}}],"line":4}},"s":{"0":1,"1":0,"2":0,"3":0,"4":0,"5":0},"f":{"0":0,"1":0,"2":0},"b":{"0":[0],"1":[0],"2":[0,0]},"meta":{"lastBranch":3,"lastFunction":3,"lastStatement":6,"seen":{"s:1:21:22:1":0,"f:1:21:1:22":0,"b:1:39:1:44":0,"b:1:55:1:58":1,"s:2:2:21:Infinity":1,"f:2:21:2:22":1,"s:3:4:20:Infinity":2,"f:3:15:3:16":2,"b:4:6:19:Infinity:14:13:19:Infinity":2,"s:4:6:19:Infinity":3,"s:5:8:13:Infinity":4,"s:15:8:18:Infinity":5}}}
}
